Log file open, 12/05/21 01:28:40
LogWindows: Failed to load 'aqProf.dll' (GetLastError=126)
LogWindows: File 'aqProf.dll' does not exist
LogWindows: Failed to load 'VtuneApi.dll' (GetLastError=126)
LogWindows: File 'VtuneApi.dll' does not exist
LogWindows: Failed to load 'VtuneApi32e.dll' (GetLastError=126)
LogWindows: File 'VtuneApi32e.dll' does not exist
LogConsoleResponse: Display: Failed to find resolution value strings in scalability ini. Falling back to default.
LogConsoleResponse: Display: Failed to find resolution value strings in scalability ini. Falling back to default.
LogInit: Display: Running engine for game: FPSProject
LogPlatformFile: Not using cached read wrapper
LogTaskGraph: Started task graph with 5 named threads and 47 total threads with 3 sets of task threads.
LogStats: Stats thread started at 0.281355
LogICUInternationalization: ICU TimeZone Detection - Raw Offset: +8:00, Platform Override: ''
LogInit: Display: Loading text-based GConfig....
LogPluginManager: Mounting plugin MeshPainting
LogPluginManager: Mounting plugin XGEController
LogPluginManager: Mounting plugin LightPropagationVolume
LogPluginManager: Mounting plugin Paper2D
LogPluginManager: Mounting plugin AISupport
LogPluginManager: Mounting plugin EnvironmentQueryEditor
LogPluginManager: Mounting plugin OodleData
LogPluginManager: Mounting plugin LiveLink
LogPluginManager: Mounting plugin OodleNetwork
LogPluginManager: Mounting plugin AnimationSharing
LogPluginManager: Mounting plugin CLionSourceCodeAccess
LogPluginManager: Mounting plugin AssetManagerEditor
LogPluginManager: Mounting plugin CryptoKeys
LogPluginManager: Mounting plugin CurveEditorTools
LogPluginManager: Mounting plugin DataValidation
LogPluginManager: Mounting plugin FacialAnimation
LogPluginManager: Mounting plugin GameplayTagsEditor
LogPluginManager: Mounting plugin GeometryMode
LogPluginManager: Mounting plugin MacGraphicsSwitching
LogPluginManager: Mounting plugin MaterialAnalyzer
LogPluginManager: Mounting plugin PluginBrowser
LogPluginManager: Mounting plugin MobileLauncherProfileWizard
LogPluginManager: Mounting plugin SpeedTreeImporter
LogPluginManager: Mounting plugin Niagara
LogPluginManager: Mounting plugin DatasmithContent
LogPluginManager: Mounting plugin VariantManagerContent
LogPluginManager: Mounting plugin AlembicImporter
LogPluginManager: Mounting plugin AutomationUtils
LogPluginManager: Mounting plugin BackChannel
LogPluginManager: Mounting plugin ChaosCloth
LogPluginManager: Mounting plugin ChaosClothEditor
LogPluginManager: Mounting plugin ChaosEditor
LogPluginManager: Mounting plugin ChaosNiagara
LogPluginManager: Mounting plugin ChaosSolverPlugin
LogPluginManager: Mounting plugin CharacterAI
LogPluginManager: Mounting plugin GeometryCache
LogPluginManager: Mounting plugin GeometryCollectionPlugin
LogPluginManager: Mounting plugin GeometryProcessing
LogPluginManager: Mounting plugin MotoSynth
LogPluginManager: Mounting plugin OpenImageDenoise
LogPluginManager: Mounting plugin PlanarCut
LogPluginManager: Mounting plugin PlatformCrypto
LogPluginManager: Mounting plugin ProxyLODPlugin
LogPluginManager: Mounting plugin PythonScriptPlugin
LogPluginManager: Mounting plugin SkeletalReduction
LogPluginManager: Mounting plugin AndroidMedia
LogPluginManager: Mounting plugin AvfMedia
LogPluginManager: Mounting plugin ImgMedia
LogPluginManager: Mounting plugin MediaCompositing
LogPluginManager: Mounting plugin TcpMessaging
LogPluginManager: Mounting plugin UdpMessaging
LogPluginManager: Mounting plugin WebMMedia
LogPluginManager: Mounting plugin WmfMedia
LogPluginManager: Mounting plugin MediaPlayerEditor
LogPluginManager: Mounting plugin ActorSequence
LogPluginManager: Mounting plugin LevelSequenceEditor
LogPluginManager: Mounting plugin MatineeToLevelSequence
LogPluginManager: Mounting plugin OnlineSubsystem
LogPluginManager: Mounting plugin TemplateSequence
LogPluginManager: Mounting plugin LauncherChunkInstaller
LogPluginManager: Mounting plugin OnlineSubsystemNull
LogPluginManager: Mounting plugin ActorLayerUtilities
LogPluginManager: Mounting plugin OnlineSubsystemUtils
LogPluginManager: Mounting plugin AndroidDeviceProfileSelector
LogPluginManager: Mounting plugin AndroidMoviePlayer
LogPluginManager: Mounting plugin AndroidPermission
LogPluginManager: Mounting plugin AppleImageUtils
LogPluginManager: Mounting plugin AppleMoviePlayer
LogPluginManager: Mounting plugin ArchVisCharacter
LogPluginManager: Mounting plugin AssetTags
LogPluginManager: Mounting plugin AudioCapture
LogPluginManager: Mounting plugin AudioSynesthesia
LogPluginManager: Mounting plugin CableComponent
LogPluginManager: Mounting plugin ChunkDownloader
LogPluginManager: Mounting plugin CustomMeshComponent
LogPluginManager: Mounting plugin EditableMesh
LogPluginManager: Mounting plugin ExampleDeviceProfileSelector
LogPluginManager: Mounting plugin GoogleCloudMessaging
LogPluginManager: Mounting plugin GooglePAD
LogPluginManager: Mounting plugin IOSDeviceProfileSelector
LogPluginManager: Mounting plugin LinuxDeviceProfileSelector
LogPluginManager: Mounting plugin LocationServicesBPLibrary
LogPluginManager: Mounting plugin MobilePatchingUtils
LogPluginManager: Mounting plugin OpenXR
LogPluginManager: Mounting plugin OpenXREyeTracker
LogPluginManager: Mounting plugin OpenXRHandTracking
LogPluginManager: Mounting plugin PhysXVehicles
LogPluginManager: Mounting plugin PostSplashScreen
LogPluginManager: Mounting plugin ProceduralMeshComponent
LogPluginManager: Mounting plugin PropertyAccessEditor
LogPluginManager: Mounting plugin ScreenshotTools
LogPluginManager: Mounting plugin RuntimePhysXCooking
LogPluginManager: Mounting plugin SignificanceManager
LogPluginManager: Mounting plugin SoundFields
LogPluginManager: Mounting plugin Synthesis
LogPluginManager: Mounting plugin WebMMoviePlayer
LogPluginManager: Mounting plugin WindowsMoviePlayer
LogPluginManager: Mounting plugin CodeLiteSourceCodeAccess
LogPluginManager: Mounting plugin GitSourceControl
LogPluginManager: Mounting plugin Takes
LogPluginManager: Mounting plugin KDevelopSourceCodeAccess
LogPluginManager: Mounting plugin NullSourceCodeAccess
LogPluginManager: Mounting plugin PerforceSourceControl
LogPluginManager: Mounting plugin PixWinPlugin
LogPluginManager: Mounting plugin LuminPlatformFeatures
LogPluginManager: Mounting plugin PlasticSourceControl
LogPluginManager: Mounting plugin PropertyAccessNode
LogPluginManager: Mounting plugin PluginUtils
LogPluginManager: Mounting plugin SubversionSourceControl
LogPluginManager: Mounting plugin RiderSourceCodeAccess
LogPluginManager: Mounting plugin TextureFormatOodle
LogPluginManager: Mounting plugin MagicLeap
LogPluginManager: Mounting plugin UObjectPlugin
LogPluginManager: Mounting plugin VisualStudioSourceCodeAccess
LogPluginManager: Mounting plugin XCodeSourceCodeAccess
LogPluginManager: Mounting plugin VisualStudioCodeSourceCodeAccess
LogPluginManager: Mounting plugin CameraShakePreviewer
LogPluginManager: Mounting plugin GameplayCameras
LogPluginManager: Mounting plugin MagicLeapLightEstimation
LogPluginManager: Mounting plugin MagicLeapMedia
LogPluginManager: Mounting plugin MagicLeapPassableWorld
LogPluginManager: Mounting plugin MLSDK
LogPluginManager: Mounting plugin ContentBrowserFileDataSource
LogPluginManager: Mounting plugin ContentBrowserClassDataSource
LogPluginManager: Mounting plugin ContentBrowserAssetDataSource
LogPluginManager: Mounting plugin OnlineSubsystemGooglePlay
LogPluginManager: Mounting plugin OnlineSubsystemIOS
LogPluginManager: Mounting plugin OculusVR
LogPluginManager: Mounting plugin SteamVR
LogInit: Using libcurl 7.55.1-DEV
LogInit:  - built for x86_64-pc-win32
LogInit:  - supports SSL with OpenSSL/1.1.1
LogInit:  - supports HTTP deflate (compression) using libz 1.2.8
LogInit:  - other features:
LogInit:      CURL_VERSION_SSL
LogInit:      CURL_VERSION_LIBZ
LogInit:      CURL_VERSION_IPV6
LogInit:      CURL_VERSION_ASYNCHDNS
LogInit:      CURL_VERSION_LARGEFILE
LogInit:      CURL_VERSION_IDN
LogInit:  CurlRequestOptions (configurable via config and command line):
LogInit:  - bVerifyPeer = true  - Libcurl will verify peer certificate
LogInit:  - bUseHttpProxy = false  - Libcurl will NOT use HTTP proxy
LogInit:  - bDontReuseConnections = false  - Libcurl will reuse connections
LogInit:  - MaxHostConnections = 16  - Libcurl will limit the number of connections to a host
LogInit:  - LocalHostAddr = Default
LogInit:  - BufferSize = 65536
LogOnline: OSS: Creating online subsystem instance for: NULL
LogInit: WinSock: version 1.1 (2.2), MaxSocks=32767, MaxUdp=65467
LogOnline: OSS: TryLoadSubsystemAndSetDefault: Loaded subsystem for module [NULL]
PixWinPlugin: PIX capture plugin failed to initialize! Check that the process is launched from PIX.
LogOculusPluginWrapper: OculusPlugin initialized successfully
LogHMD: Failed initializing OVRPlugin 1.59.0
LogInit: Build: ++UE4+Release-4.27-CL-0
LogInit: Engine Version: 4.27.1-0+++UE4+Release-4.27
LogInit: Compatible Engine Version: 4.27.0-0+++UE4+Release-4.27
LogInit: Net CL: 0
LogInit: OS: Windows 10 (Release 2009) (), CPU: AMD Ryzen 9 5900HX with Radeon Graphics        , GPU: AMD Radeon(TM) Graphics
LogInit: Compiled (64-bit): Oct 18 2021 20:05:11
LogInit: Compiled with Visual C++: 19.29.30136.00
LogInit: Build Configuration: Development
LogInit: Branch Name: ++UE4+Release-4.27
LogInit: Command Line:  -skipcompile
LogInit: Base Directory: D:/UnrealEngine-release/Engine/Binaries/Win64/
LogInit: Allocator: TBB
LogInit: Installed Engine Build: 0
LogDevObjectVersion: Number of dev versions registered: 29
LogDevObjectVersion:   Dev-Blueprints (B0D832E4-1F89-4F0D-ACCF-7EB736FD4AA2): 10
LogDevObjectVersion:   Dev-Build (E1C64328-A22C-4D53-A36C-8E866417BD8C): 0
LogDevObjectVersion:   Dev-Core (375EC13C-06E4-48FB-B500-84F0262A717E): 4
LogDevObjectVersion:   Dev-Editor (E4B068ED-F494-42E9-A231-DA0B2E46BB41): 40
LogDevObjectVersion:   Dev-Framework (CFFC743F-43B0-4480-9391-14DF171D2073): 37
LogDevObjectVersion:   Dev-Mobile (B02B49B5-BB20-44E9-A304-32B752E40360): 3
LogDevObjectVersion:   Dev-Networking (A4E4105C-59A1-49B5-A7C5-40C4547EDFEE): 0
LogDevObjectVersion:   Dev-Online (39C831C9-5AE6-47DC-9A44-9C173E1C8E7C): 0
LogDevObjectVersion:   Dev-Physics (78F01B33-EBEA-4F98-B9B4-84EACCB95AA2): 14
LogDevObjectVersion:   Dev-Platform (6631380F-2D4D-43E0-8009-CF276956A95A): 0
LogDevObjectVersion:   Dev-Rendering (12F88B9F-8875-4AFC-A67C-D90C383ABD29): 45
LogDevObjectVersion:   Dev-Sequencer (7B5AE74C-D270-4C10-A958-57980B212A5A): 13
LogDevObjectVersion:   Dev-VR (D7296918-1DD6-4BDD-9DE2-64A83CC13884): 3
LogDevObjectVersion:   Dev-LoadTimes (C2A15278-BFE7-4AFE-6C17-90FF531DF755): 1
LogDevObjectVersion:   Private-Geometry (6EACA3D4-40EC-4CC1-B786-8BED09428FC5): 3
LogDevObjectVersion:   Dev-AnimPhys (29E575DD-E0A3-4627-9D10-D276232CDCEA): 17
LogDevObjectVersion:   Dev-Anim (AF43A65D-7FD3-4947-9873-3E8ED9C1BB05): 15
LogDevObjectVersion:   Dev-ReflectionCapture (6B266CEC-1EC7-4B8F-A30B-E4D90942FC07): 1
LogDevObjectVersion:   Dev-Automation (0DF73D61-A23F-47EA-B727-89E90C41499A): 1
LogDevObjectVersion:   FortniteMain (601D1886-AC64-4F84-AA16-D3DE0DEAC7D6): 47
LogDevObjectVersion:   FortniteRelease (E7086368-6B23-4C58-8439-1B7016265E91): 1
LogDevObjectVersion:   Dev-Enterprise (9DFFBCD6-494F-0158-E221-12823C92A888): 10
LogDevObjectVersion:   Dev-Niagara (F2AED0AC-9AFE-416F-8664-AA7FFA26D6FC): 1
LogDevObjectVersion:   Dev-Destruction (174F1F0B-B4C6-45A5-B13F-2EE8D0FB917D): 10
LogDevObjectVersion:   Dev-Physics-Ext (35F94A83-E258-406C-A318-09F59610247C): 41
LogDevObjectVersion:   Dev-PhysicsMaterial-Chaos (B68FC16E-8B1B-42E2-B453-215C058844FE): 1
LogDevObjectVersion:   Dev-CineCamera (B2E18506-4273-CFC2-A54E-F4BB758BBA07): 1
LogDevObjectVersion:   Dev-VirtualProduction (64F58936-FD1B-42BA-BA96-7289D5D0FA4E): 1
LogDevObjectVersion:   Dev-MediaFramework (6F0ED827-A609-4895-9C91-998D90180EA4): 2
LogInit: Presizing for max 25165824 objects, including 0 objects not considered by GC, pre-allocating 0 bytes for permanent pool.
LogConfig: Applying CVar settings from Section [/Script/Engine.StreamingSettings] File [D:/11.18/MyProject/Saved/Config/Windows/Engine.ini]
LogConfig: Setting CVar [[s.MinBulkDataSizeForAsyncLoading:131072]]
LogConfig: Setting CVar [[s.AsyncLoadingThreadEnabled:0]]
LogConfig: Setting CVar [[s.EventDrivenLoaderEnabled:1]]
LogConfig: Setting CVar [[s.WarnIfTimeLimitExceeded:0]]
LogConfig: Setting CVar [[s.TimeLimitExceededMultiplier:1.5]]
LogConfig: Setting CVar [[s.TimeLimitExceededMinTime:0.005]]
LogConfig: Setting CVar [[s.UseBackgroundLevelStreaming:1]]
LogConfig: Setting CVar [[s.PriorityAsyncLoadingExtraTime:15.0]]
LogConfig: Setting CVar [[s.LevelStreamingActorsUpdateTimeLimit:5.0]]
LogConfig: Setting CVar [[s.PriorityLevelStreamingActorsUpdateExtraTime:5.0]]
LogConfig: Setting CVar [[s.LevelStreamingComponentsRegistrationGranularity:10]]
LogConfig: Setting CVar [[s.UnregisterComponentsTimeLimit:1.0]]
LogConfig: Setting CVar [[s.LevelStreamingComponentsUnregistrationGranularity:5]]
LogConfig: Setting CVar [[s.FlushStreamingOnExit:1]]
LogInit: Object subsystem initialized
LogConfig: Setting CVar [[con.DebugEarlyDefault:1]]
LogConfig: Setting CVar [[r.setres:1280x720]]
[2021.12.04-17.28.41:325][  0]LogConfig: Setting CVar [[r.VSync:0]]
[2021.12.04-17.28.41:325][  0]LogConfig: Setting CVar [[r.RHICmdBypass:0]]
[2021.12.04-17.28.41:325][  0]LogConfig: Applying CVar settings from Section [/Script/Engine.RendererSettings] File [D:/11.18/MyProject/Saved/Config/Windows/Engine.ini]
[2021.12.04-17.28.41:325][  0]LogConfig: Setting CVar [[r.GPUCrashDebugging:0]]
[2021.12.04-17.28.41:325][  0]LogConfig: Setting CVar [[r.DefaultFeature.AutoExposure.ExtendDefaultLuminanceRange:1]]
[2021.12.04-17.28.41:325][  0]LogConfig: Applying CVar settings from Section [/Script/Engine.RendererOverrideSettings] File [D:/11.18/MyProject/Saved/Config/Windows/Engine.ini]
[2021.12.04-17.28.41:325][  0]LogConfig: Applying CVar settings from Section [/Script/Engine.StreamingSettings] File [D:/11.18/MyProject/Saved/Config/Windows/Engine.ini]
[2021.12.04-17.28.41:326][  0]LogConfig: Setting CVar [[s.MinBulkDataSizeForAsyncLoading:131072]]
[2021.12.04-17.28.41:326][  0]LogConfig: Setting CVar [[s.AsyncLoadingThreadEnabled:0]]
[2021.12.04-17.28.41:326][  0]LogConfig: Setting CVar [[s.EventDrivenLoaderEnabled:1]]
[2021.12.04-17.28.41:326][  0]LogConfig: Setting CVar [[s.WarnIfTimeLimitExceeded:0]]
[2021.12.04-17.28.41:326][  0]LogConfig: Setting CVar [[s.TimeLimitExceededMultiplier:1.5]]
[2021.12.04-17.28.41:326][  0]LogConfig: Setting CVar [[s.TimeLimitExceededMinTime:0.005]]
[2021.12.04-17.28.41:326][  0]LogConfig: Setting CVar [[s.UseBackgroundLevelStreaming:1]]
[2021.12.04-17.28.41:326][  0]LogConfig: Setting CVar [[s.PriorityAsyncLoadingExtraTime:15.0]]
[2021.12.04-17.28.41:326][  0]LogConfig: Setting CVar [[s.LevelStreamingActorsUpdateTimeLimit:5.0]]
[2021.12.04-17.28.41:326][  0]LogConfig: Setting CVar [[s.PriorityLevelStreamingActorsUpdateExtraTime:5.0]]
[2021.12.04-17.28.41:326][  0]LogConfig: Setting CVar [[s.LevelStreamingComponentsRegistrationGranularity:10]]
[2021.12.04-17.28.41:326][  0]LogConfig: Setting CVar [[s.UnregisterComponentsTimeLimit:1.0]]
[2021.12.04-17.28.41:326][  0]LogConfig: Setting CVar [[s.LevelStreamingComponentsUnregistrationGranularity:5]]
[2021.12.04-17.28.41:326][  0]LogConfig: Setting CVar [[s.FlushStreamingOnExit:1]]
[2021.12.04-17.28.41:326][  0]LogConfig: Applying CVar settings from Section [/Script/Engine.GarbageCollectionSettings] File [D:/11.18/MyProject/Saved/Config/Windows/Engine.ini]
[2021.12.04-17.28.41:326][  0]LogConfig: Setting CVar [[gc.MaxObjectsNotConsideredByGC:1]]
[2021.12.04-17.28.41:326][  0]LogConfig: Setting CVar [[gc.SizeOfPermanentObjectPool:0]]
[2021.12.04-17.28.41:326][  0]LogConfig: Setting CVar [[gc.FlushStreamingOnGC:0]]
[2021.12.04-17.28.41:326][  0]LogConfig: Setting CVar [[gc.NumRetriesBeforeForcingGC:10]]
[2021.12.04-17.28.41:326][  0]LogConfig: Setting CVar [[gc.AllowParallelGC:1]]
[2021.12.04-17.28.41:326][  0]LogConfig: Setting CVar [[gc.TimeBetweenPurgingPendingKillObjects:61.1]]
[2021.12.04-17.28.41:326][  0]LogConfig: Setting CVar [[gc.MaxObjectsInEditor:25165824]]
[2021.12.04-17.28.41:326][  0]LogConfig: Setting CVar [[gc.IncrementalBeginDestroyEnabled:1]]
[2021.12.04-17.28.41:326][  0]LogConfig: Setting CVar [[gc.CreateGCClusters:1]]
[2021.12.04-17.28.41:327][  0]LogConfig: Setting CVar [[gc.MinGCClusterSize:5]]
[2021.12.04-17.28.41:327][  0]LogConfig: Setting CVar [[gc.ActorClusteringEnabled:0]]
[2021.12.04-17.28.41:327][  0]LogConfig: Setting CVar [[gc.BlueprintClusteringEnabled:0]]
[2021.12.04-17.28.41:327][  0]LogConfig: Setting CVar [[gc.UseDisregardForGCOnDedicatedServers:0]]
[2021.12.04-17.28.41:327][  0]LogConfig: Setting CVar [[gc.MultithreadedDestructionEnabled:1]]
[2021.12.04-17.28.41:327][  0]LogConfig: Applying CVar settings from Section [/Script/Engine.NetworkSettings] File [D:/11.18/MyProject/Saved/Config/Windows/Engine.ini]
[2021.12.04-17.28.41:327][  0]LogConfig: Applying CVar settings from Section [/Script/UnrealEd.CookerSettings] File [D:/11.18/MyProject/Saved/Config/Windows/Engine.ini]
[2021.12.04-17.28.41:351][  0]LogConfig: Applying CVar settings from Section [ViewDistanceQuality@3] File [D:/11.18/MyProject/Saved/Config/Windows/Scalability.ini]
[2021.12.04-17.28.41:351][  0]LogConfig: Setting CVar [[r.SkeletalMeshLODBias:0]]
[2021.12.04-17.28.41:351][  0]LogConfig: Setting CVar [[r.ViewDistanceScale:1.0]]
[2021.12.04-17.28.41:351][  0]LogConfig: Applying CVar settings from Section [AntiAliasingQuality@3] File [D:/11.18/MyProject/Saved/Config/Windows/Scalability.ini]
[2021.12.04-17.28.41:351][  0]LogConfig: Setting CVar [[r.PostProcessAAQuality:4]]
[2021.12.04-17.28.41:351][  0]LogConfig: Applying CVar settings from Section [ShadowQuality@3] File [D:/11.18/MyProject/Saved/Config/Windows/Scalability.ini]
[2021.12.04-17.28.41:351][  0]LogConfig: Setting CVar [[r.LightFunctionQuality:1]]
[2021.12.04-17.28.41:351][  0]LogConfig: Setting CVar [[r.ShadowQuality:5]]
[2021.12.04-17.28.41:351][  0]LogConfig: Setting CVar [[r.Shadow.CSM.MaxCascades:10]]
[2021.12.04-17.28.41:351][  0]LogConfig: Setting CVar [[r.Shadow.MaxResolution:2048]]
[2021.12.04-17.28.41:351][  0]LogConfig: Setting CVar [[r.Shadow.MaxCSMResolution:2048]]
[2021.12.04-17.28.41:351][  0]LogConfig: Setting CVar [[r.Shadow.RadiusThreshold:0.01]]
[2021.12.04-17.28.41:351][  0]LogConfig: Setting CVar [[r.Shadow.DistanceScale:1.0]]
[2021.12.04-17.28.41:351][  0]LogConfig: Setting CVar [[r.Shadow.CSM.TransitionScale:1.0]]
[2021.12.04-17.28.41:351][  0]LogConfig: Setting CVar [[r.Shadow.PreShadowResolutionFactor:1.0]]
[2021.12.04-17.28.41:352][  0]LogConfig: Setting CVar [[r.DistanceFieldShadowing:1]]
[2021.12.04-17.28.41:352][  0]LogConfig: Setting CVar [[r.DistanceFieldAO:1]]
[2021.12.04-17.28.41:352][  0]LogConfig: Setting CVar [[r.AOQuality:2]]
[2021.12.04-17.28.41:352][  0]LogConfig: Setting CVar [[r.VolumetricFog:1]]
[2021.12.04-17.28.41:352][  0]LogConfig: Setting CVar [[r.VolumetricFog.GridPixelSize:8]]
[2021.12.04-17.28.41:352][  0]LogConfig: Setting CVar [[r.VolumetricFog.GridSizeZ:128]]
[2021.12.04-17.28.41:352][  0]LogConfig: Setting CVar [[r.VolumetricFog.HistoryMissSupersampleCount:4]]
[2021.12.04-17.28.41:352][  0]LogConfig: Setting CVar [[r.LightMaxDrawDistanceScale:1]]
[2021.12.04-17.28.41:352][  0]LogConfig: Setting CVar [[r.CapsuleShadows:1]]
[2021.12.04-17.28.41:352][  0]LogConfig: Applying CVar settings from Section [PostProcessQuality@3] File [D:/11.18/MyProject/Saved/Config/Windows/Scalability.ini]
[2021.12.04-17.28.41:352][  0]LogConfig: Setting CVar [[r.MotionBlurQuality:4]]
[2021.12.04-17.28.41:352][  0]LogConfig: Setting CVar [[r.AmbientOcclusionMipLevelFactor:0.4]]
[2021.12.04-17.28.41:352][  0]LogConfig: Setting CVar [[r.AmbientOcclusionMaxQuality:100]]
[2021.12.04-17.28.41:352][  0]LogConfig: Setting CVar [[r.AmbientOcclusionLevels:-1]]
[2021.12.04-17.28.41:352][  0]LogConfig: Setting CVar [[r.AmbientOcclusionRadiusScale:1.0]]
[2021.12.04-17.28.41:352][  0]LogConfig: Setting CVar [[r.DepthOfFieldQuality:2]]
[2021.12.04-17.28.41:352][  0]LogConfig: Setting CVar [[r.RenderTargetPoolMin:400]]
[2021.12.04-17.28.41:352][  0]LogConfig: Setting CVar [[r.LensFlareQuality:2]]
[2021.12.04-17.28.41:352][  0]LogConfig: Setting CVar [[r.SceneColorFringeQuality:1]]
[2021.12.04-17.28.41:352][  0]LogConfig: Setting CVar [[r.EyeAdaptationQuality:2]]
[2021.12.04-17.28.41:352][  0]LogConfig: Setting CVar [[r.BloomQuality:5]]
[2021.12.04-17.28.41:352][  0]LogConfig: Setting CVar [[r.FastBlurThreshold:100]]
[2021.12.04-17.28.41:352][  0]LogConfig: Setting CVar [[r.Upscale.Quality:3]]
[2021.12.04-17.28.41:352][  0]LogConfig: Setting CVar [[r.Tonemapper.GrainQuantization:1]]
[2021.12.04-17.28.41:352][  0]LogConfig: Setting CVar [[r.LightShaftQuality:1]]
[2021.12.04-17.28.41:352][  0]LogConfig: Setting CVar [[r.Filter.SizeScale:1]]
[2021.12.04-17.28.41:352][  0]LogConfig: Setting CVar [[r.Tonemapper.Quality:5]]
[2021.12.04-17.28.41:352][  0]LogConfig: Setting CVar [[r.DOF.Gather.AccumulatorQuality:1        ; higher gathering accumulator quality]]
[2021.12.04-17.28.41:353][  0]LogConfig: Setting CVar [[r.DOF.Gather.PostfilterMethod:1          ; Median3x3 postfilering method]]
[2021.12.04-17.28.41:353][  0]LogConfig: Setting CVar [[r.DOF.Gather.EnableBokehSettings:0       ; no bokeh simulation when gathering]]
[2021.12.04-17.28.41:353][  0]LogConfig: Setting CVar [[r.DOF.Gather.RingCount:4                 ; medium number of samples when gathering]]
[2021.12.04-17.28.41:353][  0]LogConfig: Setting CVar [[r.DOF.Scatter.ForegroundCompositing:1    ; additive foreground scattering]]
[2021.12.04-17.28.41:353][  0]LogConfig: Setting CVar [[r.DOF.Scatter.BackgroundCompositing:2    ; additive background scattering]]
[2021.12.04-17.28.41:353][  0]LogConfig: Setting CVar [[r.DOF.Scatter.EnableBokehSettings:1      ; bokeh simulation when scattering]]
[2021.12.04-17.28.41:353][  0]LogConfig: Setting CVar [[r.DOF.Scatter.MaxSpriteRatio:0.1         ; only a maximum of 10% of scattered bokeh]]
[2021.12.04-17.28.41:353][  0]LogConfig: Setting CVar [[r.DOF.Recombine.Quality:1                ; cheap slight out of focus]]
[2021.12.04-17.28.41:353][  0]LogConfig: Setting CVar [[r.DOF.Recombine.EnableBokehSettings:0    ; no bokeh simulation on slight out of focus]]
[2021.12.04-17.28.41:353][  0]LogConfig: Setting CVar [[r.DOF.TemporalAAQuality:1                ; more stable temporal accumulation]]
[2021.12.04-17.28.41:353][  0]LogConfig: Setting CVar [[r.DOF.Kernel.MaxForegroundRadius:0.025]]
[2021.12.04-17.28.41:353][  0]LogConfig: Setting CVar [[r.DOF.Kernel.MaxBackgroundRadius:0.025]]
[2021.12.04-17.28.41:353][  0]LogConfig: Applying CVar settings from Section [TextureQuality@3] File [D:/11.18/MyProject/Saved/Config/Windows/Scalability.ini]
[2021.12.04-17.28.41:353][  0]LogConfig: Setting CVar [[r.Streaming.MipBias:0]]
[2021.12.04-17.28.41:353][  0]LogConfig: Setting CVar [[r.Streaming.AmortizeCPUToGPUCopy:0]]
[2021.12.04-17.28.41:353][  0]LogConfig: Setting CVar [[r.Streaming.MaxNumTexturesToStreamPerFrame:0]]
[2021.12.04-17.28.41:353][  0]LogConfig: Setting CVar [[r.Streaming.Boost:1]]
[2021.12.04-17.28.41:353][  0]LogConfig: Setting CVar [[r.MaxAnisotropy:8]]
[2021.12.04-17.28.41:353][  0]LogConfig: Setting CVar [[r.VT.MaxAnisotropy:8]]
[2021.12.04-17.28.41:353][  0]LogConfig: Setting CVar [[r.Streaming.LimitPoolSizeToVRAM:0]]
[2021.12.04-17.28.41:353][  0]LogConfig: Setting CVar [[r.Streaming.PoolSize:1000]]
[2021.12.04-17.28.41:353][  0]LogConfig: Setting CVar [[r.Streaming.MaxEffectiveScreenSize:0]]
[2021.12.04-17.28.41:353][  0]LogConfig: Applying CVar settings from Section [EffectsQuality@3] File [D:/11.18/MyProject/Saved/Config/Windows/Scalability.ini]
[2021.12.04-17.28.41:353][  0]LogConfig: Setting CVar [[r.TranslucencyLightingVolumeDim:64]]
[2021.12.04-17.28.41:353][  0]LogConfig: Setting CVar [[r.RefractionQuality:2]]
[2021.12.04-17.28.41:353][  0]LogConfig: Setting CVar [[r.SSR.Quality:3]]
[2021.12.04-17.28.41:353][  0]LogConfig: Setting CVar [[r.SSR.HalfResSceneColor:0]]
[2021.12.04-17.28.41:354][  0]LogConfig: Setting CVar [[r.SceneColorFormat:4]]
[2021.12.04-17.28.41:354][  0]LogConfig: Setting CVar [[r.DetailMode:2]]
[2021.12.04-17.28.41:354][  0]LogConfig: Setting CVar [[r.TranslucencyVolumeBlur:1]]
[2021.12.04-17.28.41:354][  0]LogConfig: Setting CVar [[r.MaterialQualityLevel:1 ; High quality]]
[2021.12.04-17.28.41:354][  0]LogConfig: Setting CVar [[r.AnisotropicMaterials:1]]
[2021.12.04-17.28.41:354][  0]LogConfig: Setting CVar [[r.SSS.Scale:1]]
[2021.12.04-17.28.41:354][  0]LogConfig: Setting CVar [[r.SSS.SampleSet:2]]
[2021.12.04-17.28.41:354][  0]LogConfig: Setting CVar [[r.SSS.Quality:1]]
[2021.12.04-17.28.41:354][  0]LogConfig: Setting CVar [[r.SSS.HalfRes:0]]
[2021.12.04-17.28.41:354][  0]LogConfig: Setting CVar [[r.SSGI.Quality:3]]
[2021.12.04-17.28.41:354][  0]LogConfig: Setting CVar [[r.EmitterSpawnRateScale:1.0]]
[2021.12.04-17.28.41:354][  0]LogConfig: Setting CVar [[r.ParticleLightQuality:2]]
[2021.12.04-17.28.41:354][  0]LogConfig: Setting CVar [[r.SkyAtmosphere.AerialPerspectiveLUT.FastApplyOnOpaque:1 ; Always have FastSkyLUT 1 in this case to avoid wrong sky]]
[2021.12.04-17.28.41:354][  0]LogConfig: Setting CVar [[r.SkyAtmosphere.AerialPerspectiveLUT.SampleCountMaxPerSlice:4]]
[2021.12.04-17.28.41:354][  0]LogConfig: Setting CVar [[r.SkyAtmosphere.AerialPerspectiveLUT.DepthResolution:16.0]]
[2021.12.04-17.28.41:354][  0]LogConfig: Setting CVar [[r.SkyAtmosphere.FastSkyLUT:1]]
[2021.12.04-17.28.41:354][  0]LogConfig: Setting CVar [[r.SkyAtmosphere.FastSkyLUT.SampleCountMin:4.0]]
[2021.12.04-17.28.41:354][  0]LogConfig: Setting CVar [[r.SkyAtmosphere.FastSkyLUT.SampleCountMax:128.0]]
[2021.12.04-17.28.41:354][  0]LogConfig: Setting CVar [[r.SkyAtmosphere.SampleCountMin:4.0]]
[2021.12.04-17.28.41:354][  0]LogConfig: Setting CVar [[r.SkyAtmosphere.SampleCountMax:128.0]]
[2021.12.04-17.28.41:354][  0]LogConfig: Setting CVar [[r.SkyAtmosphere.TransmittanceLUT.UseSmallFormat:0]]
[2021.12.04-17.28.41:354][  0]LogConfig: Setting CVar [[r.SkyAtmosphere.TransmittanceLUT.SampleCount:10.0]]
[2021.12.04-17.28.41:354][  0]LogConfig: Setting CVar [[r.SkyAtmosphere.MultiScatteringLUT.SampleCount:15.0]]
[2021.12.04-17.28.41:354][  0]LogConfig: Setting CVar [[r.SkyLight.RealTimeReflectionCapture:1]]
[2021.12.04-17.28.41:354][  0]LogConfig: Applying CVar settings from Section [FoliageQuality@3] File [D:/11.18/MyProject/Saved/Config/Windows/Scalability.ini]
[2021.12.04-17.28.41:354][  0]LogConfig: Setting CVar [[foliage.DensityScale:1.0]]
[2021.12.04-17.28.41:355][  0]LogConfig: Setting CVar [[grass.DensityScale:1.0]]
[2021.12.04-17.28.41:355][  0]LogConfig: Applying CVar settings from Section [ShadingQuality@3] File [D:/11.18/MyProject/Saved/Config/Windows/Scalability.ini]
[2021.12.04-17.28.41:355][  0]LogConfig: Setting CVar [[r.HairStrands.SkyLighting.IntegrationType:2]]
[2021.12.04-17.28.41:355][  0]LogConfig: Setting CVar [[r.HairStrands.SkyAO.SampleCount:4]]
[2021.12.04-17.28.41:355][  0]LogConfig: Setting CVar [[r.HairStrands.Visibility.MSAA.SamplePerPixel:4]]
[2021.12.04-17.28.41:355][  0]LogInit: Selected Device Profile: [Windows]
[2021.12.04-17.28.41:355][  0]LogInit: Applying CVar settings loaded from the selected device profile: [Windows]
[2021.12.04-17.28.41:355][  0]LogHAL: Display: Platform has ~ 28 GB [29909643264 / 34359738368 / 28], which maps to Larger [LargestMinGB=32, LargerMinGB=12, DefaultMinGB=8, SmallerMinGB=6, SmallestMinGB=0)
[2021.12.04-17.28.41:355][  0]LogInit: Going up to parent DeviceProfile []
[2021.12.04-17.28.41:355][  0]LogConfig: Applying CVar settings from Section [ViewDistanceQuality@3] File [D:/11.18/MyProject/Saved/Config/Windows/Scalability.ini]
[2021.12.04-17.28.41:355][  0]LogConfig: Setting CVar [[r.SkeletalMeshLODBias:0]]
[2021.12.04-17.28.41:355][  0]LogConfig: Setting CVar [[r.ViewDistanceScale:1.0]]
[2021.12.04-17.28.41:355][  0]LogConfig: Applying CVar settings from Section [AntiAliasingQuality@3] File [D:/11.18/MyProject/Saved/Config/Windows/Scalability.ini]
[2021.12.04-17.28.41:355][  0]LogConfig: Setting CVar [[r.PostProcessAAQuality:4]]
[2021.12.04-17.28.41:355][  0]LogConfig: Applying CVar settings from Section [ShadowQuality@3] File [D:/11.18/MyProject/Saved/Config/Windows/Scalability.ini]
[2021.12.04-17.28.41:355][  0]LogConfig: Setting CVar [[r.LightFunctionQuality:1]]
[2021.12.04-17.28.41:355][  0]LogConfig: Setting CVar [[r.ShadowQuality:5]]
[2021.12.04-17.28.41:355][  0]LogConfig: Setting CVar [[r.Shadow.CSM.MaxCascades:10]]
[2021.12.04-17.28.41:355][  0]LogConfig: Setting CVar [[r.Shadow.MaxResolution:2048]]
[2021.12.04-17.28.41:355][  0]LogConfig: Setting CVar [[r.Shadow.MaxCSMResolution:2048]]
[2021.12.04-17.28.41:355][  0]LogConfig: Setting CVar [[r.Shadow.RadiusThreshold:0.01]]
[2021.12.04-17.28.41:355][  0]LogConfig: Setting CVar [[r.Shadow.DistanceScale:1.0]]
[2021.12.04-17.28.41:356][  0]LogConfig: Setting CVar [[r.Shadow.CSM.TransitionScale:1.0]]
[2021.12.04-17.28.41:356][  0]LogConfig: Setting CVar [[r.Shadow.PreShadowResolutionFactor:1.0]]
[2021.12.04-17.28.41:356][  0]LogConfig: Setting CVar [[r.DistanceFieldShadowing:1]]
[2021.12.04-17.28.41:356][  0]LogConfig: Setting CVar [[r.DistanceFieldAO:1]]
[2021.12.04-17.28.41:356][  0]LogConfig: Setting CVar [[r.AOQuality:2]]
[2021.12.04-17.28.41:356][  0]LogConfig: Setting CVar [[r.VolumetricFog:1]]
[2021.12.04-17.28.41:356][  0]LogConfig: Setting CVar [[r.VolumetricFog.GridPixelSize:8]]
[2021.12.04-17.28.41:356][  0]LogConfig: Setting CVar [[r.VolumetricFog.GridSizeZ:128]]
[2021.12.04-17.28.41:356][  0]LogConfig: Setting CVar [[r.VolumetricFog.HistoryMissSupersampleCount:4]]
[2021.12.04-17.28.41:356][  0]LogConfig: Setting CVar [[r.LightMaxDrawDistanceScale:1]]
[2021.12.04-17.28.41:356][  0]LogConfig: Setting CVar [[r.CapsuleShadows:1]]
[2021.12.04-17.28.41:356][  0]LogConfig: Applying CVar settings from Section [PostProcessQuality@3] File [D:/11.18/MyProject/Saved/Config/Windows/Scalability.ini]
[2021.12.04-17.28.41:356][  0]LogConfig: Setting CVar [[r.MotionBlurQuality:4]]
[2021.12.04-17.28.41:356][  0]LogConfig: Setting CVar [[r.AmbientOcclusionMipLevelFactor:0.4]]
[2021.12.04-17.28.41:356][  0]LogConfig: Setting CVar [[r.AmbientOcclusionMaxQuality:100]]
[2021.12.04-17.28.41:356][  0]LogConfig: Setting CVar [[r.AmbientOcclusionLevels:-1]]
[2021.12.04-17.28.41:356][  0]LogConfig: Setting CVar [[r.AmbientOcclusionRadiusScale:1.0]]
[2021.12.04-17.28.41:356][  0]LogConfig: Setting CVar [[r.DepthOfFieldQuality:2]]
[2021.12.04-17.28.41:356][  0]LogConfig: Setting CVar [[r.RenderTargetPoolMin:400]]
[2021.12.04-17.28.41:356][  0]LogConfig: Setting CVar [[r.LensFlareQuality:2]]
[2021.12.04-17.28.41:356][  0]LogConfig: Setting CVar [[r.SceneColorFringeQuality:1]]
[2021.12.04-17.28.41:356][  0]LogConfig: Setting CVar [[r.EyeAdaptationQuality:2]]
[2021.12.04-17.28.41:356][  0]LogConfig: Setting CVar [[r.BloomQuality:5]]
[2021.12.04-17.28.41:356][  0]LogConfig: Setting CVar [[r.FastBlurThreshold:100]]
[2021.12.04-17.28.41:356][  0]LogConfig: Setting CVar [[r.Upscale.Quality:3]]
[2021.12.04-17.28.41:357][  0]LogConfig: Setting CVar [[r.Tonemapper.GrainQuantization:1]]
[2021.12.04-17.28.41:357][  0]LogConfig: Setting CVar [[r.LightShaftQuality:1]]
[2021.12.04-17.28.41:357][  0]LogConfig: Setting CVar [[r.Filter.SizeScale:1]]
[2021.12.04-17.28.41:357][  0]LogConfig: Setting CVar [[r.Tonemapper.Quality:5]]
[2021.12.04-17.28.41:357][  0]LogConfig: Setting CVar [[r.DOF.Gather.AccumulatorQuality:1        ; higher gathering accumulator quality]]
[2021.12.04-17.28.41:357][  0]LogConfig: Setting CVar [[r.DOF.Gather.PostfilterMethod:1          ; Median3x3 postfilering method]]
[2021.12.04-17.28.41:357][  0]LogConfig: Setting CVar [[r.DOF.Gather.EnableBokehSettings:0       ; no bokeh simulation when gathering]]
[2021.12.04-17.28.41:357][  0]LogConfig: Setting CVar [[r.DOF.Gather.RingCount:4                 ; medium number of samples when gathering]]
[2021.12.04-17.28.41:357][  0]LogConfig: Setting CVar [[r.DOF.Scatter.ForegroundCompositing:1    ; additive foreground scattering]]
[2021.12.04-17.28.41:357][  0]LogConfig: Setting CVar [[r.DOF.Scatter.BackgroundCompositing:2    ; additive background scattering]]
[2021.12.04-17.28.41:357][  0]LogConfig: Setting CVar [[r.DOF.Scatter.EnableBokehSettings:1      ; bokeh simulation when scattering]]
[2021.12.04-17.28.41:357][  0]LogConfig: Setting CVar [[r.DOF.Scatter.MaxSpriteRatio:0.1         ; only a maximum of 10% of scattered bokeh]]
[2021.12.04-17.28.41:357][  0]LogConfig: Setting CVar [[r.DOF.Recombine.Quality:1                ; cheap slight out of focus]]
[2021.12.04-17.28.41:357][  0]LogConfig: Setting CVar [[r.DOF.Recombine.EnableBokehSettings:0    ; no bokeh simulation on slight out of focus]]
[2021.12.04-17.28.41:357][  0]LogConfig: Setting CVar [[r.DOF.TemporalAAQuality:1                ; more stable temporal accumulation]]
[2021.12.04-17.28.41:357][  0]LogConfig: Setting CVar [[r.DOF.Kernel.MaxForegroundRadius:0.025]]
[2021.12.04-17.28.41:357][  0]LogConfig: Setting CVar [[r.DOF.Kernel.MaxBackgroundRadius:0.025]]
[2021.12.04-17.28.41:357][  0]LogConfig: Applying CVar settings from Section [TextureQuality@3] File [D:/11.18/MyProject/Saved/Config/Windows/Scalability.ini]
[2021.12.04-17.28.41:357][  0]LogConfig: Setting CVar [[r.Streaming.MipBias:0]]
[2021.12.04-17.28.41:357][  0]LogConfig: Setting CVar [[r.Streaming.AmortizeCPUToGPUCopy:0]]
[2021.12.04-17.28.41:357][  0]LogConfig: Setting CVar [[r.Streaming.MaxNumTexturesToStreamPerFrame:0]]
[2021.12.04-17.28.41:357][  0]LogConfig: Setting CVar [[r.Streaming.Boost:1]]
[2021.12.04-17.28.41:357][  0]LogConfig: Setting CVar [[r.MaxAnisotropy:8]]
[2021.12.04-17.28.41:357][  0]LogConfig: Setting CVar [[r.VT.MaxAnisotropy:8]]
[2021.12.04-17.28.41:357][  0]LogConfig: Setting CVar [[r.Streaming.LimitPoolSizeToVRAM:0]]
[2021.12.04-17.28.41:357][  0]LogConfig: Setting CVar [[r.Streaming.PoolSize:1000]]
[2021.12.04-17.28.41:357][  0]LogConfig: Setting CVar [[r.Streaming.MaxEffectiveScreenSize:0]]
[2021.12.04-17.28.41:357][  0]LogConfig: Applying CVar settings from Section [EffectsQuality@3] File [D:/11.18/MyProject/Saved/Config/Windows/Scalability.ini]
[2021.12.04-17.28.41:357][  0]LogConfig: Setting CVar [[r.TranslucencyLightingVolumeDim:64]]
[2021.12.04-17.28.41:357][  0]LogConfig: Setting CVar [[r.RefractionQuality:2]]
[2021.12.04-17.28.41:357][  0]LogConfig: Setting CVar [[r.SSR.Quality:3]]
[2021.12.04-17.28.41:358][  0]LogConfig: Setting CVar [[r.SSR.HalfResSceneColor:0]]
[2021.12.04-17.28.41:358][  0]LogConfig: Setting CVar [[r.SceneColorFormat:4]]
[2021.12.04-17.28.41:358][  0]LogConfig: Setting CVar [[r.DetailMode:2]]
[2021.12.04-17.28.41:358][  0]LogConfig: Setting CVar [[r.TranslucencyVolumeBlur:1]]
[2021.12.04-17.28.41:358][  0]LogConfig: Setting CVar [[r.MaterialQualityLevel:1 ; High quality]]
[2021.12.04-17.28.41:358][  0]LogConfig: Setting CVar [[r.AnisotropicMaterials:1]]
[2021.12.04-17.28.41:358][  0]LogConfig: Setting CVar [[r.SSS.Scale:1]]
[2021.12.04-17.28.41:358][  0]LogConfig: Setting CVar [[r.SSS.SampleSet:2]]
[2021.12.04-17.28.41:358][  0]LogConfig: Setting CVar [[r.SSS.Quality:1]]
[2021.12.04-17.28.41:358][  0]LogConfig: Setting CVar [[r.SSS.HalfRes:0]]
[2021.12.04-17.28.41:358][  0]LogConfig: Setting CVar [[r.SSGI.Quality:3]]
[2021.12.04-17.28.41:358][  0]LogConfig: Setting CVar [[r.EmitterSpawnRateScale:1.0]]
[2021.12.04-17.28.41:358][  0]LogConfig: Setting CVar [[r.ParticleLightQuality:2]]
[2021.12.04-17.28.41:358][  0]LogConfig: Setting CVar [[r.SkyAtmosphere.AerialPerspectiveLUT.FastApplyOnOpaque:1 ; Always have FastSkyLUT 1 in this case to avoid wrong sky]]
[2021.12.04-17.28.41:358][  0]LogConfig: Setting CVar [[r.SkyAtmosphere.AerialPerspectiveLUT.SampleCountMaxPerSlice:4]]
[2021.12.04-17.28.41:358][  0]LogConfig: Setting CVar [[r.SkyAtmosphere.AerialPerspectiveLUT.DepthResolution:16.0]]
[2021.12.04-17.28.41:358][  0]LogConfig: Setting CVar [[r.SkyAtmosphere.FastSkyLUT:1]]
[2021.12.04-17.28.41:358][  0]LogConfig: Setting CVar [[r.SkyAtmosphere.FastSkyLUT.SampleCountMin:4.0]]
[2021.12.04-17.28.41:358][  0]LogConfig: Setting CVar [[r.SkyAtmosphere.FastSkyLUT.SampleCountMax:128.0]]
[2021.12.04-17.28.41:358][  0]LogConfig: Setting CVar [[r.SkyAtmosphere.SampleCountMin:4.0]]
[2021.12.04-17.28.41:358][  0]LogConfig: Setting CVar [[r.SkyAtmosphere.SampleCountMax:128.0]]
[2021.12.04-17.28.41:358][  0]LogConfig: Setting CVar [[r.SkyAtmosphere.TransmittanceLUT.UseSmallFormat:0]]
[2021.12.04-17.28.41:358][  0]LogConfig: Setting CVar [[r.SkyAtmosphere.TransmittanceLUT.SampleCount:10.0]]
[2021.12.04-17.28.41:359][  0]LogConfig: Setting CVar [[r.SkyAtmosphere.MultiScatteringLUT.SampleCount:15.0]]
[2021.12.04-17.28.41:359][  0]LogConfig: Setting CVar [[r.SkyLight.RealTimeReflectionCapture:1]]
[2021.12.04-17.28.41:359][  0]LogConfig: Applying CVar settings from Section [FoliageQuality@3] File [D:/11.18/MyProject/Saved/Config/Windows/Scalability.ini]
[2021.12.04-17.28.41:359][  0]LogConfig: Setting CVar [[foliage.DensityScale:1.0]]
[2021.12.04-17.28.41:359][  0]LogConfig: Setting CVar [[grass.DensityScale:1.0]]
[2021.12.04-17.28.41:359][  0]LogConfig: Applying CVar settings from Section [ShadingQuality@3] File [D:/11.18/MyProject/Saved/Config/Windows/Scalability.ini]
[2021.12.04-17.28.41:359][  0]LogConfig: Setting CVar [[r.HairStrands.SkyLighting.IntegrationType:2]]
[2021.12.04-17.28.41:359][  0]LogConfig: Setting CVar [[r.HairStrands.SkyAO.SampleCount:4]]
[2021.12.04-17.28.41:359][  0]LogConfig: Setting CVar [[r.HairStrands.Visibility.MSAA.SamplePerPixel:4]]
[2021.12.04-17.28.41:359][  0]LogConfig: Applying CVar settings from Section [Startup] File [../../../Engine/Config/ConsoleVariables.ini]
[2021.12.04-17.28.41:359][  0]LogConfig: Setting CVar [[net.UseAdaptiveNetUpdateFrequency:0]]
[2021.12.04-17.28.41:359][  0]LogConfig: Setting CVar [[p.chaos.AllowCreatePhysxBodies:1]]
[2021.12.04-17.28.41:359][  0]LogConfig: Setting CVar [[fx.SkipVectorVMBackendOptimizations:1]]
[2021.12.04-17.28.41:359][  0]LogConfig: Applying CVar settings from Section [ConsoleVariables] File [D:/11.18/MyProject/Saved/Config/Windows/Engine.ini]
[2021.12.04-17.28.41:359][  0]LogConfig: Applying CVar settings from Section [ConsoleVariables] File [D:/11.18/MyProject/Saved/Config/Windows/Editor.ini]
[2021.12.04-17.28.41:359][  0]LogInit: Computer: LAPTOP-OI1JSFFG
[2021.12.04-17.28.41:359][  0]LogInit: User: Nokki
[2021.12.04-17.28.41:359][  0]LogInit: CPU Page size=4096, Cores=8
[2021.12.04-17.28.41:360][  0]LogInit: High frequency timer resolution =10.000000 MHz
[2021.12.04-17.28.41:360][  0]LogMemory: Memory total: Physical=27.9GB (28GB approx)
[2021.12.04-17.28.41:360][  0]LogMemory: Platform Memory Stats for Windows
[2021.12.04-17.28.41:360][  0]LogMemory: Process Physical Memory: 143.86 MB used, 143.86 MB peak
[2021.12.04-17.28.41:360][  0]LogMemory: Process Virtual Memory: 126.95 MB used, 126.95 MB peak
[2021.12.04-17.28.41:360][  0]LogMemory: Physical Memory: 13439.58 MB used,  15084.48 MB free, 28524.06 MB total
[2021.12.04-17.28.41:360][  0]LogMemory: Virtual Memory: 134192992.00 MB used,  24736.21 MB free, 134217728.00 MB total
[2021.12.04-17.28.41:443][  0]LogWindows: WindowsPlatformFeatures enabled
[2021.12.04-17.28.41:585][  0]LogInit: Physics initialised using underlying interface: PhysX
[2021.12.04-17.28.41:589][  0]LogInit: Overriding language with editor language configuration option (en).
[2021.12.04-17.28.41:589][  0]LogInit: Using OS detected locale (zh-CN).
[2021.12.04-17.28.41:788][  0]LogInit: Setting process to per monitor DPI aware
[2021.12.04-17.28.42:048][  0]LogWindowsTextInputMethodSystem: Display: IME system deactivated.
[2021.12.04-17.28.42:076][  0]LogSlate: New Slate User Created.  User Index 0, Is Virtual User: 0
[2021.12.04-17.28.42:076][  0]LogSlate: Slate User Registered.  User Index 0, Is Virtual User: 0
[2021.12.04-17.28.42:251][  0]LogD3D11RHI: Loaded GFSDK_Aftermath_Lib.x64.dll
[2021.12.04-17.28.42:288][  0]LogHMD: Failed to initialize OpenVR with code 110
[2021.12.04-17.28.42:288][  0]LogD3D11RHI: D3D11 min allowed feature level: 11_0
[2021.12.04-17.28.42:288][  0]LogD3D11RHI: D3D11 max allowed feature level: 11_0
[2021.12.04-17.28.42:288][  0]LogD3D11RHI: D3D11 adapters:
[2021.12.04-17.28.42:446][  0]LogD3D11RHI:    0. 'NVIDIA GeForce RTX 3080 Laptop GPU' (Feature Level 11_0)
[2021.12.04-17.28.42:446][  0]LogD3D11RHI:       16201/0/14262 MB DedicatedVideo/DedicatedSystem/SharedSystem, Outputs:2, VendorId:0x10de
[2021.12.04-17.28.42:505][  0]LogD3D11RHI:    1. 'AMD Radeon(TM) Graphics' (Feature Level 11_0)
[2021.12.04-17.28.42:505][  0]LogD3D11RHI:       4080/0/14262 MB DedicatedVideo/DedicatedSystem/SharedSystem, Outputs:0, VendorId:0x1002
[2021.12.04-17.28.42:511][  0]LogD3D11RHI:    2. 'Microsoft Basic Render Driver' (Feature Level 11_0)
[2021.12.04-17.28.42:511][  0]LogD3D11RHI:       0/0/14262 MB DedicatedVideo/DedicatedSystem/SharedSystem, Outputs:0, VendorId:0x1414
[2021.12.04-17.28.42:511][  0]LogD3D11RHI: Chosen D3D11 Adapter:
[2021.12.04-17.28.42:511][  0]LogD3D11RHI:     Description : NVIDIA GeForce RTX 3080 Laptop GPU
[2021.12.04-17.28.42:511][  0]LogD3D11RHI:     VendorId    : 10de
[2021.12.04-17.28.42:511][  0]LogD3D11RHI:     DeviceId    : 24dc
[2021.12.04-17.28.42:511][  0]LogD3D11RHI:     SubSysId    : 3a5817aa
[2021.12.04-17.28.42:511][  0]LogD3D11RHI:     Revision    : 00a1
[2021.12.04-17.28.42:511][  0]LogD3D11RHI:     DedicatedVideoMemory : 16987979776 bytes
[2021.12.04-17.28.42:511][  0]LogD3D11RHI:     DedicatedSystemMemory : 0 bytes
[2021.12.04-17.28.42:511][  0]LogD3D11RHI:     SharedSystemMemory : 14954821632 bytes
[2021.12.04-17.28.42:511][  0]LogD3D11RHI:     AdapterLuid : 0 58465
[2021.12.04-17.28.42:527][  0]LogD3D11RHI: Creating new Direct3DDevice
[2021.12.04-17.28.42:527][  0]LogD3D11RHI:     GPU DeviceId: 0x24dc (for the marketing name, search the web for "GPU Device Id")
[2021.12.04-17.28.42:527][  0]LogWindows: EnumDisplayDevices:
[2021.12.04-17.28.42:527][  0]LogWindows:    0. 'AMD Radeon(TM) Graphics' (P:1 D:1)
[2021.12.04-17.28.42:528][  0]LogWindows:    1. 'AMD Radeon(TM) Graphics' (P:0 D:0)
[2021.12.04-17.28.42:529][  0]LogWindows:    2. 'AMD Radeon(TM) Graphics' (P:0 D:0)
[2021.12.04-17.28.42:530][  0]LogWindows:    3. 'NVIDIA GeForce RTX 3080 Laptop GPU' (P:0 D:1)
[2021.12.04-17.28.42:530][  0]LogWindows:    4. 'NVIDIA GeForce RTX 3080 Laptop GPU' (P:0 D:0)
[2021.12.04-17.28.42:531][  0]LogWindows:    5. 'NVIDIA GeForce RTX 3080 Laptop GPU' (P:0 D:0)
[2021.12.04-17.28.42:531][  0]LogWindows:    6. 'NVIDIA GeForce RTX 3080 Laptop GPU' (P:0 D:0)
[2021.12.04-17.28.42:531][  0]LogWindows: DebugString: PrimaryIsNotTheChoosenAdapter PrimaryIsNotTheChoosenAdapter PrimaryIsNotTheChoosenAdapter FoundDriverCount:4 
[2021.12.04-17.28.42:531][  0]LogD3D11RHI:     Adapter Name: NVIDIA GeForce RTX 3080 Laptop GPU
[2021.12.04-17.28.42:531][  0]LogD3D11RHI:   Driver Version: 472.19 (internal:30.0.14.7219, unified:472.19)
[2021.12.04-17.28.42:532][  0]LogD3D11RHI:      Driver Date: 9-23-2021
[2021.12.04-17.28.42:532][  0]LogRHI: Texture pool is 11340 MB (70% of 16201 MB)
[2021.12.04-17.28.42:532][  0]LogD3D11RHI: Creating D3DDevice using adapter:
[2021.12.04-17.28.42:532][  0]LogD3D11RHI:     Description : NVIDIA GeForce RTX 3080 Laptop GPU
[2021.12.04-17.28.42:532][  0]LogD3D11RHI:     VendorId    : 10de
[2021.12.04-17.28.42:532][  0]LogD3D11RHI:     DeviceId    : 24dc
[2021.12.04-17.28.42:532][  0]LogD3D11RHI:     SubSysId    : 3a5817aa
[2021.12.04-17.28.42:532][  0]LogD3D11RHI:     Revision    : 00a1
[2021.12.04-17.28.42:532][  0]LogD3D11RHI:     DedicatedVideoMemory : 16987979776 bytes
[2021.12.04-17.28.42:532][  0]LogD3D11RHI:     DedicatedSystemMemory : 0 bytes
[2021.12.04-17.28.42:532][  0]LogD3D11RHI:     SharedSystemMemory : 14954821632 bytes
[2021.12.04-17.28.42:532][  0]LogD3D11RHI:     AdapterLuid : 0 58465
[2021.12.04-17.28.42:612][  0]LogD3D11RHI: RHI has support for 64 bit atomics
[2021.12.04-17.28.42:612][  0]LogD3D11RHI: Async texture creation enabled
[2021.12.04-17.28.42:612][  0]LogD3D11RHI: Array index from any shader is supported
[2021.12.04-17.28.42:629][  0]LogD3D11RHI: GPU Timing Frequency: 1000.000000 (Debug: 2 1)
[2021.12.04-17.28.42:697][  0]LogRHI: GeForceNow SDK initialized: 1
[2021.12.04-17.28.42:977][  0]LogTargetPlatformManager: Display: Loaded TargetPlatform 'AllDesktop'
[2021.12.04-17.28.43:011][  0]LogTargetPlatformManager: Display: Loaded TargetPlatform 'Android'
[2021.12.04-17.28.43:011][  0]LogTargetPlatformManager: Display: Loaded TargetPlatform 'Android_ASTC'
[2021.12.04-17.28.43:011][  0]LogTargetPlatformManager: Display: Loaded TargetPlatform 'Android_DXT'
[2021.12.04-17.28.43:011][  0]LogTargetPlatformManager: Display: Loaded TargetPlatform 'Android_ETC2'
[2021.12.04-17.28.43:011][  0]LogTargetPlatformManager: Display: Loaded TargetPlatform 'AndroidClient'
[2021.12.04-17.28.43:011][  0]LogTargetPlatformManager: Display: Loaded TargetPlatform 'Android_ASTCClient'
[2021.12.04-17.28.43:011][  0]LogTargetPlatformManager: Display: Loaded TargetPlatform 'Android_DXTClient'
[2021.12.04-17.28.43:011][  0]LogTargetPlatformManager: Display: Loaded TargetPlatform 'Android_ETC2Client'
[2021.12.04-17.28.43:011][  0]LogTargetPlatformManager: Display: Loaded TargetPlatform 'Android_Multi'
[2021.12.04-17.28.43:011][  0]LogTargetPlatformManager: Display: Loaded TargetPlatform 'Android_MultiClient'
[2021.12.04-17.28.43:058][  0]LogTargetPlatformManager: Display: Loaded TargetPlatform 'IOSClient'
[2021.12.04-17.28.43:058][  0]LogTargetPlatformManager: Display: Loaded TargetPlatform 'IOS'
[2021.12.04-17.28.43:092][  0]LogTargetPlatformManager: Display: Loaded TargetPlatform 'Lumin'
[2021.12.04-17.28.43:092][  0]LogTargetPlatformManager: Display: Loaded TargetPlatform 'LuminClient'
[2021.12.04-17.28.43:110][  0]LogTargetPlatformManager: Display: Loaded TargetPlatform 'MacNoEditor'
[2021.12.04-17.28.43:125][  0]LogTargetPlatformManager: Display: Loaded TargetPlatform 'Mac'
[2021.12.04-17.28.43:141][  0]LogTargetPlatformManager: Display: Loaded TargetPlatform 'MacClient'
[2021.12.04-17.28.43:155][  0]LogTargetPlatformManager: Display: Loaded TargetPlatform 'MacServer'
[2021.12.04-17.28.43:177][  0]LogTargetPlatformManager: Display: Loaded TargetPlatform 'TVOSClient'
[2021.12.04-17.28.43:177][  0]LogTargetPlatformManager: Display: Loaded TargetPlatform 'TVOS'
[2021.12.04-17.28.43:197][  0]LogTargetPlatformManager: Display: Loaded TargetPlatform 'WindowsNoEditor'
[2021.12.04-17.28.43:211][  0]LogTargetPlatformManager: Display: Loaded TargetPlatform 'Windows'
[2021.12.04-17.28.43:228][  0]LogTargetPlatformManager: Display: Loaded TargetPlatform 'WindowsClient'
[2021.12.04-17.28.43:243][  0]LogTargetPlatformManager: Display: Loaded TargetPlatform 'WindowsServer'
[2021.12.04-17.28.43:243][  0]LogTargetPlatformManager: Display: Building Assets For Windows
[2021.12.04-17.28.43:278][  0]LogAudioDebug: Display: Lib vorbis DLL was dynamically loaded.
[2021.12.04-17.28.43:404][  0]LogTextureFormatOodle: Display: Oodle Texture 2.9.0 init RDO Off
[2021.12.04-17.28.43:528][  0]LogRendererCore: Ray tracing is disabled. Reason: r.RayTracing=0.
[2021.12.04-17.28.43:528][  0]LogShaderCompilers: Guid format shader working directory is 18 characters bigger than the processId version (../../../../11.18/MyProject/Intermediate/Shaders/WorkingDirectory/82168/).
[2021.12.04-17.28.43:528][  0]LogShaderCompilers: Cleaned the shader compiler working directory 'C:/Users/Nokki/AppData/Local/Temp/UnrealShaderWorkingDir/2F881A2A42134DE81BB55889D41F51DA/'.
[2021.12.04-17.28.43:529][  0]LogXGEController: Cannot use XGE Controller as Incredibuild is not installed on this machine.
[2021.12.04-17.28.43:529][  0]LogShaderCompilers: Cannot use XGE Shader Compiler as Incredibuild is not installed on this machine.
[2021.12.04-17.28.43:529][  0]LogShaderCompilers: Display: Using Local Shader Compiler.
[2021.12.04-17.28.44:106][  0]LogDerivedDataCache: Display: Max Cache Size: 512 MB
[2021.12.04-17.28.44:159][  0]LogDerivedDataCache: Loaded boot cache 0.05s 94MB ../../../../11.18/MyProject/DerivedDataCache/Boot.ddc.
[2021.12.04-17.28.44:159][  0]LogDerivedDataCache: Display: Loaded Boot cache: ../../../../11.18/MyProject/DerivedDataCache/Boot.ddc
[2021.12.04-17.28.44:160][  0]LogDerivedDataCache: FDerivedDataBackendGraph:  Pak pak cache file ../../../../11.18/MyProject/DerivedDataCache/DDC.ddp not found, will not use a pak cache.
[2021.12.04-17.28.44:160][  0]LogDerivedDataCache: Unable to find inner node Pak for hierarchical cache Hierarchy.
[2021.12.04-17.28.44:160][  0]LogDerivedDataCache: FDerivedDataBackendGraph:  EnginePak pak cache file ../../../Engine/DerivedDataCache/DDC.ddp not found, will not use a pak cache.
[2021.12.04-17.28.44:160][  0]LogDerivedDataCache: Unable to find inner node EnginePak for hierarchical cache Hierarchy.
[2021.12.04-17.28.44:165][  0]LogDerivedDataCache: Speed tests for ../../../Engine/DerivedDataCache took 0.01 seconds
[2021.12.04-17.28.44:165][  0]LogDerivedDataCache: Display: Performance to ../../../Engine/DerivedDataCache: Latency=0.01ms. RandomReadSpeed=910.12MBs, RandomWriteSpeed=234.30MBs. Assigned SpeedClass 'Local'
[2021.12.04-17.28.44:168][  0]LogDerivedDataCache: Using Local data cache path ../../../Engine/DerivedDataCache: Writable
[2021.12.04-17.28.44:168][  0]LogDerivedDataCache: Shared data cache path not found in *engine.ini, will not use an Shared cache.
[2021.12.04-17.28.44:168][  0]LogDerivedDataCache: Unable to find inner node Shared for hierarchical cache Hierarchy.
[2021.12.04-17.28.44:205][  0]LogSlate: Using FreeType 2.10.0
[2021.12.04-17.28.44:205][  0]LogSlate: SlateFontServices - WITH_FREETYPE: 1, WITH_HARFBUZZ: 1
[2021.12.04-17.28.44:239][  0]LogAssetRegistry: FAssetRegistry took 0.0053 seconds to start up
[2021.12.04-17.28.44:443][  0]LogInit: Selected Device Profile: [Windows]
[2021.12.04-17.28.44:443][  0]LogInit: Active device profile: [0000021A656CFE00][0000021A61AAD880 49] Windows
[2021.12.04-17.28.44:443][  0]LogInit: Profiles: [0000021A656CFE00][0000021A61AAD880 49] Windows, [0000021A656EFE00][0000021A66745A00 49] WindowsNoEditor, [0000021A656CC200][0000021A61AB1B40 49] WindowsServer, [0000021A656EDA00][0000021A6674C100 49] WindowsClient, [0000021A656CFA00][0000021A66330240 49] IOS, [0000021A656EF800][0000021A66334380 49] iPadAir, [0000021A656CC600][0000021A6633C500 49] iPadAir2, [0000021A65688C00][0000021A5D9967C0 49] IPadPro, [0000021A65688D00][0000021A5D992800 49] iPadAir3, [0000021A656CE300][0000021A5D99A980 49] iPadAir4, [0000021A65688700][0000021A5D99EB00 49] iPadMini2, [0000021A656CC700][0000021A5D9A2C80 49] iPadMini3, [0000021A65689600][0000021A5D9A6E00 49] iPadMini4, [0000021A656CF400][0000021A5D9AAF80 49] iPadMini5, [0000021A656ED000][0000021A5D9B3240 49] iPhone6, [0000021A656ED100][0000021A5D9AF280 49] iPodTouch6, [0000021A6568BB00][0000021A64EF3540 49] iPhone7, [0000021A6568BA00][0000021A64EEF580 49] iPodTouch7, [0000021A656EC700][0000021A64EF7700 49] iPhone5S, [0000021A65688200][0000021A64EFB880 49] iPhone6Plus, [0000021A656EC400][0000021A64EFFA00 49] iPhone6S, [0000021A65688400][0000021A64F03B80 49] iPhone6SPlus, [0000021A656EFF00][0000021A66338140 49] iPhone7Plus, [0000021A65689100][0000021A64F06280 49] iPhoneSE, [0000021A656EDB00][0000021A64F0A3C0 49] iPhone8, [0000021A6568AD00][0000021A64F0E500 49] iPhone8Plus, [0000021A656EEA00][0000021A5D9BA680 49] iPhoneX, [0000021A65688E00][0000021A5D9BE800 49] iPhoneXS, [0000021A656EF600][0000021A5D9C2980 49] iPhoneXSMax, [0000021A6568BC00][0000021A5D9D0B00 49] iPhoneXR, [0000021A656EE800][0000021A5D9E0C80 49] iPhone11, [0000021A65689F00][0000021A5D890E00 49] iPhone11Pro, [0000021A656EFB00][0000021A5D894F80 49] iPhone11ProMax, [0000021A6568B400][0000021A5D8A5100 49] iPhoneSE2, [0000021A656EE700][0000021A662A9280 49] iPhone12Mini, [0000021A65688900][0000021A662B3400 49] iPhone12, [0000021A656ED600][0000021A66307580 49] iPhone12Pro, [0000021A6568B000][0000021A66311700 49] iPhone12ProMax, [0000021A656EC600][0000021A61A4D880 49] iPadPro105, [0000021A65689300][0000021A61A51A00 49] iPadPro129, [0000021A656EDF00][0000021A61A55B80 49] iPadPro97, [0000021A6568AF00][0000021A61A58180 49] iPadPro2_129, [0000021A656EF300][0000021A61AA6300 49] iPad5, [0000021A65689B00][0000021A5D9B6440 49] iPad6, [0000021A656EF000][0000021A669DC580 49] iPad7, [0000021A65689A00][0000021A66A166C0 49] iPad8, [0000021A656EF100][0000021A66A1E840 49] iPadPro11, [0000021A65688300][0000021A66A229C0 49] iPadPro2_11, [0000021A656ECC00][0000021A64D28B40 49] iPadPro3_129, [0000021A65688800][0000021A64D2CCC0 49] iPadPro4_129, [0000021A656ED700][0000021A64D30E40 49] AppleTV, [0000021A6568AC00][0000021A64D42FC0 49] AppleTV4K, [0000021A656EE900][0000021A64DF5140 49] TVOS, [0000021A65689200][0000021A64DF92C0 49] Mac, [0000021A656EF900][0000021A64DFD440 49] MacClient, [0000021A6568B900][0000021A64E015C0 49] MacNoEditor, [0000021A656EC900][0000021A66749740 49] MacServer, [0000021A6568AA00][0000021A667418C0 49] Linux, [0000021A656EFD00][0000021A64E05A40 49] LinuxAArch64, [0000021A6568A200][0000021A64E09BC0 49] LinuxNoEditor, [0000021A656EE100][0000021A64E0C1C0 49] LinuxAArch64NoEditor, [0000021A65688F00][0000021A5D9F0340 49] LinuxClient, [0000021A656ECF00][0000021A5DA644C0 49] LinuxAArch64Client, [0000021A65688600][0000021A66A1A600 49] LinuxServer, [0000021A656EE000][0000021A5D8AE740 49] LinuxAArch64Server, [0000021A65689700][0000021A5D9EC880 49] Android, [0000021A656EF700][0000021A64E109C0 49] Android_Low, [0000021A65689E00][0000021A64E18B40 49] Android_Mid, [0000021A657A0900][0000021A64E1CCC0 49] Android_High, [0000021A656CCB00][0000021A64E20E40 49] Android_Default, [0000021A657A1200][0000021A64E24FC0 49] Android_Adreno4xx, [0000021A656CC400][0000021A64E29140 49] Android_Adreno5xx_Low, [0000021A657A1400][0000021A64E2D2C0 49] Android_Adreno5xx, [0000021A656CE900][0000021A64E31440 49] Android_Adreno6xx, [0000021A657A2700][0000021A64E355C0 49] Android_Adreno6xx_Vulkan, [0000021A656CF100][0000021A64E39740 49] Android_Mali_T6xx, [0000021A657A0C00][0000021A64E3D8C0 49] Android_Mali_T7xx, [0000021A656CD800][0000021A669E1A40 49] Android_Mali_T8xx, [0000021A657A2000][0000021A669E5BC0 49] Android_Mali_G71, [0000021A656CD300][0000021A669E81C0 49] Android_Mali_G72, [0000021A657A0E00][0000021A669EC340 49] Android_Mali_G72_Vulkan, [0000021A656CE800][0000021A669F04C0 49] Android_Mali_G76, [0000021A657A0B00][0000021A669F4640 49] Android_Mali_G76_Vulkan, [0000021A656CE000][0000021A64E14780 49] Android_Mali_G77, [0000021A657A1500][0000021A669F88C0 49] Android_Mali_G77_Vulkan, [0000021A656CD100][0000021A669FCA00 49] Android_Mali_G78, [0000021A657A0400][0000021A66A00B40 49] Android_Mali_G78_Vulkan, [0000021A656CE700][0000021A66A08CC0 49] Android_Mali_G710, [0000021A657A0300][0000021A66A0CE40 49] Android_Mali_G710_Vulkan, [0000021A656EF200][0000021A66A10FC0 49] Android_Vulkan_SM5, [0000021A657A0D00][0000021A666DD140 49] Android_PowerVR_G6xxx, [0000021A656ED500][0000021A666E12C0 49] Android_PowerVR_GT7xxx, [0000021A657A1000][0000021A666E5440 49] Android_PowerVR_GE8xxx, [0000021A656EC500][0000021A666E95C0 49] Android_PowerVR_GM9xxx, [0000021A657A2600][0000021A666ED740 49] Android_PowerVR_GM9xxx_Vulkan, [0000021A656EE500][0000021A666F18C0 49] Android_TegraK1, [0000021A657A2300][0000021A666F5A40 49] Android_Unknown_Vulkan, [0000021A656ED300][0000021A666F9BC0 49] Lumin, [0000021A657A1700][0000021A666FC1C0 49] Lumin_Desktop, [0000021A656EE400][0000021A66700340 49] HoloLens, 
[2021.12.04-17.28.44:627][  0]LogMeshReduction: Using QuadricMeshReduction for automatic static mesh reduction
[2021.12.04-17.28.44:627][  0]LogMeshReduction: Using SimplygonMeshReduction for automatic skeletal mesh reduction
[2021.12.04-17.28.44:627][  0]LogMeshReduction: Using ProxyLODMeshReduction for automatic mesh merging
[2021.12.04-17.28.44:627][  0]LogMeshReduction: No distributed automatic mesh merging module available
[2021.12.04-17.28.44:627][  0]LogMeshMerging: No distributed automatic mesh merging module available
[2021.12.04-17.28.44:654][  0]LogNetVersion: FPSProject 1.0.0, NetCL: 0, EngineNetVer: 17, GameNetVer: 0 (Checksum: 1212417450)
[2021.12.04-17.28.44:996][  0]LogTexture: Default maximum texture size for cubemaps generated from long-lat sources has been changed from 512 to unlimited. In order to preserve old behaiour for '/Engine/MapTemplates/Sky/DaylightAmbientCubemap.DaylightAmbientCubemap', its maximum texture size has been explicitly set to 512.
[2021.12.04-17.28.45:043][  0]LogHMD: PokeAHoleMaterial loaded successfully
[2021.12.04-17.28.45:049][  0]LogUObjectArray: 17154 objects as part of root set at end of initial load.
[2021.12.04-17.28.45:049][  0]LogUObjectAllocator: 4294048 out of 0 bytes used by permanent object pool.
[2021.12.04-17.28.45:049][  0]LogUObjectArray: CloseDisregardForGC: 0/0 objects in disregard for GC pool
[2021.12.04-17.28.45:668][  0]LogNiagaraDebuggerClient: Niagara Debugger Client Initialized | Session: 35A671234688C1A06AEF0D9FC08CFD35 | Instance: EFBACEA74D0195FC5662BCBE17113DB1 (LAPTOP-OI1JSFFG-82168).
[2021.12.04-17.28.45:749][  0]LogImageWrapper: Warning: PNG Warning: Duplicate iCCP chunk
[2021.12.04-17.28.45:749][  0]LogImageWrapper: Warning: PNG Warning: Duplicate iCCP chunk
[2021.12.04-17.28.45:749][  0]LogPython: Using Python 3.7.7
[2021.12.04-17.28.46:197][  0]LogTcpMessaging: Initializing TcpMessaging bridge
[2021.12.04-17.28.46:210][  0]LogUdpMessaging: Initializing bridge on interface 0.0.0.0:0 to multicast group 230.0.0.1:6666.
[2021.12.04-17.28.47:434][  0]LogOpenImageDenoise: OIDN starting up
[2021.12.04-17.28.47:526][  0]LogAndroidPermission: UAndroidPermissionCallbackProxy::GetInstance
[2021.12.04-17.28.47:597][  0]LogAudioCaptureCore: Display: No Audio Capture implementations found. Audio input will be silent.
[2021.12.04-17.28.47:597][  0]LogAudioCaptureCore: Display: No Audio Capture implementations found. Audio input will be silent.
[2021.12.04-17.28.47:811][  0]SourceControl: Source control is disabled
[2021.12.04-17.28.47:811][  0]SourceControl: Source control is disabled
[2021.12.04-17.28.47:837][  0]SourceControl: Source control is disabled
[2021.12.04-17.28.47:847][  0]SourceControl: Source control is disabled
[2021.12.04-17.28.47:859][  0]SourceControl: Source control is disabled
[2021.12.04-17.28.47:925][  0]LogUProjectInfo: Found projects:
[2021.12.04-17.28.47:987][  0]LogCollectionManager: Loaded 0 collections in 0.002080 seconds
[2021.12.04-17.28.48:056][  0]LogFileCache: Scanning file cache for directory 'D:/11.18/MyProject/Saved/Collections/' took 0.00s
[2021.12.04-17.28.48:056][  0]LogFileCache: Scanning file cache for directory 'D:/11.18/MyProject/Content/Developers/Nokki/Collections/' took 0.01s
[2021.12.04-17.28.48:056][  0]LogFileCache: Scanning file cache for directory 'D:/11.18/MyProject/Content/Collections/' took 0.01s
[2021.12.04-17.28.48:056][  0]LogOcInput: OculusInput pre-init called
[2021.12.04-17.28.48:379][  0]LogImageWrapper: Warning: PNG Warning: Duplicate iCCP chunk
[2021.12.04-17.28.48:379][  0]LogImageWrapper: Warning: PNG Warning: Duplicate iCCP chunk
[2021.12.04-17.28.48:379][  0]LogEngine: Initializing Engine...
[2021.12.04-17.28.48:384][  0]LogHMD: Failed to enumerate extensions. Please check that you have a valid OpenXR runtime installed.
[2021.12.04-17.28.48:385][  0]LogHMD: Failed to initialize OpenVR with code 110
[2021.12.04-17.28.48:385][  0]LogMagicLeap: Warning: VR disabled because ZI is not enabled.  To enable, in the editor, Edit -> Project Settings -> Plugins -> Magic Leap Plugin -> Enable Zero Iteration
[2021.12.04-17.28.48:386][  0]LogStats: UGameplayTagsManager::InitializeManager -  0.000 s
[2021.12.04-17.28.48:504][  0]LogInit: Initializing FReadOnlyCVARCache
[2021.12.04-17.28.48:523][  0]LogAIModule: Creating AISystem for world Untitled
[2021.12.04-17.28.48:534][  0]LogAudio: Display: Initializing Audio Device Manager...
[2021.12.04-17.28.48:546][  0]LogAudio: Display: Loading Default Audio Settings Objects...
[2021.12.04-17.28.48:547][  0]LogAudio: Display: No default SoundConcurrencyObject specified (or failed to load).
[2021.12.04-17.28.48:547][  0]LogAudio: Display: Audio Device Manager Initialized
[2021.12.04-17.28.48:547][  0]LogAudio: Display: Creating Audio Device:                 Id: 1, Scope: Shared, Realtime: True
[2021.12.04-17.28.48:547][  0]LogAudioMixer: Display: Audio Mixer Platform Settings:
[2021.12.04-17.28.48:547][  0]LogAudioMixer: Display: 	Sample Rate:						  48000
[2021.12.04-17.28.48:547][  0]LogAudioMixer: Display: 	Callback Buffer Frame Size Requested: 256
[2021.12.04-17.28.48:548][  0]LogAudioMixer: Display: 	Callback Buffer Frame Size To Use:	  256
[2021.12.04-17.28.48:548][  0]LogAudioMixer: Display: 	Number of buffers to queue:			  7
[2021.12.04-17.28.48:548][  0]LogAudioMixer: Display: 	Max Channels (voices):				  32
[2021.12.04-17.28.48:548][  0]LogAudioMixer: Display: 	Number of Async Source Workers:		  0
[2021.12.04-17.28.48:548][  0]LogAudio: Display: AudioDevice MaxSources: 32
[2021.12.04-17.28.48:548][  0]LogAudio: Display: Audio Spatialization Plugin: None (built-in).
[2021.12.04-17.28.48:548][  0]LogAudio: Display: Audio Reverb Plugin: None (built-in).
[2021.12.04-17.28.48:548][  0]LogAudio: Display: Audio Occlusion Plugin: None (built-in).
[2021.12.04-17.28.48:548][  0]LogAudioMixer: Display: Initializing audio mixer.
[2021.12.04-17.28.48:663][  0]LogAudioMixer: Display: 0: FrontLeft
[2021.12.04-17.28.48:663][  0]LogAudioMixer: Display: 1: FrontRight
[2021.12.04-17.28.48:849][  0]LogAudioMixer: Display: Using Audio Device 耳机 (Realtek(R) Audio)
[2021.12.04-17.28.48:849][  0]LogAudioMixer: Display: Initializing Sound Submixes...
[2021.12.04-17.28.48:852][  0]LogAudioMixer: Display: Creating Master Submix 'MasterSubmixDefault'
[2021.12.04-17.28.48:852][  0]LogAudioMixer: Display: Creating Master Submix 'MasterReverbSubmixDefault'
[2021.12.04-17.28.48:853][  0]LogAudioMixer: Display: Creating Master Submix 'MasterEQSubmixDefault'
[2021.12.04-17.28.48:853][  0]LogAudioMixer: FMixerPlatformXAudio2::StartAudioStream() called
[2021.12.04-17.28.48:853][  0]LogAudioMixer: Display: Output buffers initialized: Frames=256, Channels=2, Samples=512
[2021.12.04-17.28.48:856][  0]LogAudioMixer: Display: Starting AudioMixerPlatformInterface::RunInternal()
[2021.12.04-17.28.48:856][  0]LogAudioMixer: Display: FMixerPlatformXAudio2::SubmitBuffer() called for the first time
[2021.12.04-17.28.48:856][  0]LogInit: FAudioDevice initialized.
[2021.12.04-17.28.48:856][  0]LogAudio: Display: Audio Device (ID: 1) registered with world 'Untitled'.
[2021.12.04-17.28.48:856][  0]LogNetVersion: Set ProjectVersion to 1.0.0.0. Version Checksum will be recalculated on next use.
[2021.12.04-17.28.48:910][  0]LogDerivedDataCache: Saved boot cache 0.05s 94MB ../../../../11.18/MyProject/DerivedDataCache/Boot.ddc.
[2021.12.04-17.28.48:916][  0]LogInit: Texture streaming: Enabled
[2021.12.04-17.28.48:965][  0]LogAnalytics: Display: [UEEditor.UnrealEngine.Release] APIServer = https://datarouter.ol.epicgames.com/. AppVersion = 4.27.1-0+++UE4+Release-4.27
[2021.12.04-17.28.48:979][  0]LogEngineSessionManager: EngineSessionManager initialized
[2021.12.04-17.28.48:980][  0]LogEditorSessionSummary: Verbose: Initializing EditorSessionSummaryWriter for editor session tracking
[2021.12.04-17.28.48:985][  0]LogEditorSessionSummary: EditorSessionSummaryWriter initialized
[2021.12.04-17.28.49:026][  0]LogInit: Transaction tracking system initialized
[2021.12.04-17.28.49:095][  0]BlueprintLog: New page: Editor Load
[2021.12.04-17.28.49:304][  0]LocalizationService: Localization service is disabled
[2021.12.04-17.28.49:390][  0]TimingProfiler: Initialize
[2021.12.04-17.28.49:391][  0]TimingProfiler: OnSessionChanged
[2021.12.04-17.28.49:391][  0]LoadingProfiler: Initialize
[2021.12.04-17.28.49:391][  0]LoadingProfiler: OnSessionChanged
[2021.12.04-17.28.49:391][  0]NetworkingProfiler: Initialize
[2021.12.04-17.28.49:391][  0]NetworkingProfiler: OnSessionChanged
[2021.12.04-17.28.49:391][  0]MemoryProfiler: Initialize
[2021.12.04-17.28.49:391][  0]MemoryProfiler: OnSessionChanged
[2021.12.04-17.28.50:022][  0]LogCook: Display: CookSettings for Memory: MemoryMaxUsedVirtual 0MiB, MemoryMaxUsedPhysical 16384MiB, MemoryMinFreeVirtual 0MiB, MemoryMinFreePhysical 1024MiB
[2021.12.04-17.28.50:022][  0]LogCook: Display: Mobile HDR setting 1
[2021.12.04-17.28.50:501][  0]LogFileCache: Scanning file cache for directory 'D:/11.18/MyProject/Content/' took 0.02s
[2021.12.04-17.28.50:698][  0]LogImageWrapper: Warning: PNG Warning: Duplicate iCCP chunk
[2021.12.04-17.28.50:698][  0]LogImageWrapper: Warning: PNG Warning: Duplicate iCCP chunk
[2021.12.04-17.28.50:698][  0]LogInit: Display: Engine is initialized. Leaving FEngineLoop::Init()
[2021.12.04-17.28.50:703][  0]SourceControl: Source control is disabled
[2021.12.04-17.28.50:703][  0]LogUnrealEdMisc: Loading editor; pre map load, took 11.085
[2021.12.04-17.28.50:703][  0]Cmd: MAP LOAD FILE="../../../../11.18/MyProject/Content/Maps/PhysicsMap.umap" TEMPLATE=0 SHOWPROGRESS=1 FEATURELEVEL=3
[2021.12.04-17.28.50:704][  0]LightingResults: New page: Lighting Build
[2021.12.04-17.28.50:705][  0]LogWorld: UWorld::CleanupWorld for Untitled, bSessionEnded=true, bCleanupResources=true
[2021.12.04-17.28.50:705][  0]LogSlate: InvalidateAllWidgets triggered.  All widgets were invalidated
[2021.12.04-17.28.50:705][  0]MapCheck: New page: Map Check
[2021.12.04-17.28.50:705][  0]LightingResults: New page: Lighting Build
[2021.12.04-17.28.50:709][  0]LogAudio: Display: Audio Device unregistered from world 'None'.
[2021.12.04-17.28.50:713][  0]LogUObjectHash: Compacting FUObjectHashTables data took   0.75ms
[2021.12.04-17.28.51:394][  0]LogSkeletalMesh: Display: [AssetLog] D:\11.18\MyProject\Content\SciFiWeapLight\Weapons\White_SniperRifle.uasset: Find and fix some bad tangent! please re-import this skeletal mesh asset to fix the issue. The shading of the skeletal mesh will be bad and faceted.
[2021.12.04-17.28.51:510][  0]LogAudio: Display: Audio Device (ID: 1) registered with world 'PhysicsMap'.
[2021.12.04-17.28.51:511][  0]LogAIModule: Creating AISystem for world PhysicsMap
[2021.12.04-17.28.51:535][  0]LogEditorServer: Finished looking for orphan Actors (0.000 secs)
[2021.12.04-17.28.51:543][  0]LogUObjectHash: Compacting FUObjectHashTables data took   0.98ms
[2021.12.04-17.28.51:544][  0]Cmd: MAP CHECKDEP NOCLEARLOG
[2021.12.04-17.28.51:544][  0]MapCheck: Map check complete: 0 Error(s), 0 Warning(s), took 0.102ms to complete.
[2021.12.04-17.28.51:544][  0]LogFileHelpers: Loading map 'PhysicsMap' took 0.841
[2021.12.04-17.28.51:546][  0]LogUnrealEdMisc: Total Editor Startup Time, took 11.928
[2021.12.04-17.28.51:760][  0]LogSlate: Updating window title bar state: overlay mode, drag disabled, window buttons hidden, title bar hidden
[2021.12.04-17.28.51:765][  0]LogSlate: Updating window title bar state: overlay mode, drag disabled, window buttons hidden, title bar hidden
[2021.12.04-17.28.51:772][  0]LogSlate: Updating window title bar state: overlay mode, drag disabled, window buttons hidden, title bar hidden
[2021.12.04-17.28.51:778][  0]LogSlate: Updating window title bar state: overlay mode, drag disabled, window buttons hidden, title bar hidden
[2021.12.04-17.28.51:792][  0]LogNativeClassHierarchy: Verbose: Native class hierarchy populated in 0.0087 seconds. Added 3825 classes and 928 folders.
[2021.12.04-17.28.51:796][  0]LogNativeClassHierarchy: Verbose: Native class hierarchy updated for 'WidgetCarousel' in 0.0003 seconds. Added 0 classes and 0 folders.
[2021.12.04-17.28.51:799][  0]LogNativeClassHierarchy: Verbose: Native class hierarchy updated for 'AddContentDialog' in 0.0003 seconds. Added 0 classes and 0 folders.
[2021.12.04-17.28.51:800][  0]LogNativeClassHierarchy: Verbose: Native class hierarchy updated for 'SceneOutliner' in 0.0002 seconds. Added 2 classes and 0 folders.
[2021.12.04-17.28.51:945][  0]LogSlate: Took 0.000401 seconds to synchronously load lazily loaded font '../../../Engine/Content/Slate/Fonts/Roboto-Regular.ttf' (155K)
[2021.12.04-17.28.51:946][  0]LogSlate: Took 0.000213 seconds to synchronously load lazily loaded font '../../../Engine/Content/Editor/Slate/Fonts/FontAwesome.ttf' (139K)
[2021.12.04-17.28.51:948][  0]LogSlate: Took 0.000207 seconds to synchronously load lazily loaded font '../../../Engine/Content/Slate/Fonts/Roboto-Bold.ttf' (160K)
[2021.12.04-17.28.52:032][  0]LogRenderer: Reallocating scene render targets to support 1072x572 Format 10 NumSamples 1 (Frame:1).
[2021.12.04-17.28.52:244][  0]LogNativeClassHierarchy: Verbose: Native class hierarchy updated for 'HierarchicalLODOutliner' in 0.0003 seconds. Added 0 classes and 0 folders.
[2021.12.04-17.28.52:244][  0]LogLoad: (Engine Initialization) Total time: 12.63 seconds
[2021.12.04-17.28.52:244][  0]LogLoad: (Engine Initialization) Total Blueprint compile time: 0.00 seconds
[2021.12.04-17.28.52:301][  0]LogAssetRegistry: Asset discovery search completed in 8.0652 seconds
[2021.12.04-17.28.52:308][  0]LogCollectionManager: Fixed up redirectors for 0 collections in 0.000005 seconds (updated 0 objects)
[2021.12.04-17.28.52:310][  0]LogContentStreaming: Texture pool size now 1000 MB
[2021.12.04-17.28.55:413][175]LogUObjectHash: Compacting FUObjectHashTables data took   0.80ms
[2021.12.04-17.28.55:422][175]LogSlate: Window 'FPSProject - Unreal Editor' being destroyed
[2021.12.04-17.28.55:557][176]Cmd: QUIT_EDITOR
[2021.12.04-17.28.55:557][176]LogCore: Engine exit requested (reason: UUnrealEdEngine::CloseEditor())
[2021.12.04-17.28.55:563][176]LogCore: Engine exit requested (reason: EngineExit() was called; note: exit was already requested)
[2021.12.04-17.28.55:576][176]LogEditorSessionSummary: EditorSessionSummary sent report. Type=Debugger, SessionId={E366907E-4339-8D2B-A984-678399956F92}
[2021.12.04-17.28.55:578][176]LogAudio: Display: Beginning Audio Device Manager Shutdown (Module: AudioMixerXAudio2)...
[2021.12.04-17.28.55:578][176]LogAudio: Display: Destroying 1 Remaining Audio Device(s)...
[2021.12.04-17.28.55:578][176]LogAudio: Display: Audio Device unregistered from world 'PhysicsMap'.
[2021.12.04-17.28.55:578][176]LogAudioMixer: FMixerPlatformXAudio2::StopAudioStream() called
[2021.12.04-17.28.55:580][176]LogAudioMixer: FMixerPlatformXAudio2::StopAudioStream() called
[2021.12.04-17.28.55:596][176]LogAudio: Display: Audio Device Manager Shutdown
[2021.12.04-17.28.55:602][176]LogExit: Preparing to exit.
[2021.12.04-17.28.55:882][176]LogUObjectHash: Compacting FUObjectHashTables data took   0.79ms
[2021.12.04-17.28.56:083][176]LogDemo: Cleaned up 0 splitscreen connections with owner deletion
[2021.12.04-17.28.56:087][176]LogWorld: UWorld::CleanupWorld for None, bSessionEnded=true, bCleanupResources=true
[2021.12.04-17.28.56:088][176]LogExit: Editor shut down
[2021.12.04-17.28.56:093][176]LogExit: Transaction tracking system shut down
[2021.12.04-17.28.56:324][176]LogExit: Object subsystem successfully closed.
[2021.12.04-17.28.56:382][176]LogShaderCompilers: Display: === FShaderJobCache stats ===
[2021.12.04-17.28.56:382][176]LogShaderCompilers: Display: Total job queries 0, among them cache hits 0 (0.00%)
[2021.12.04-17.28.56:382][176]LogShaderCompilers: Display: Tracking 0 distinct input hashes that result in 0 distinct outputs (0.00%)
[2021.12.04-17.28.56:382][176]LogShaderCompilers: Display: RAM used: 0.00 MB (0.00 GB) of 1433.60 MB (1.40 GB) budget. Usage: 0.00%
[2021.12.04-17.28.56:382][176]LogShaderCompilers: Display: ================================================
[2021.12.04-17.28.56:394][176]LogShaderCompilers: Display: Shaders left to compile 0
[2021.12.04-17.28.56:407][176]LogModuleManager: Shutting down and abandoning module HierarchicalLODOutliner (858)
[2021.12.04-17.28.56:407][176]LogModuleManager: Shutting down and abandoning module SceneOutliner (856)
[2021.12.04-17.28.56:407][176]LogModuleManager: Shutting down and abandoning module AddContentDialog (854)
[2021.12.04-17.28.56:407][176]LogModuleManager: Shutting down and abandoning module WidgetCarousel (853)
[2021.12.04-17.28.56:407][176]LogModuleManager: Shutting down and abandoning module EditorWidgets (850)
[2021.12.04-17.28.56:407][176]LogModuleManager: Shutting down and abandoning module StatsViewer (848)
[2021.12.04-17.28.56:407][176]LogModuleManager: Shutting down and abandoning module PIEPreviewDeviceProfileSelector (846)
[2021.12.04-17.28.56:407][176]LogModuleManager: Shutting down and abandoning module SequenceRecorderSections (844)
[2021.12.04-17.28.56:407][176]LogModuleManager: Shutting down and abandoning module AutomationWorker (842)
[2021.12.04-17.28.56:407][176]LogModuleManager: Shutting down and abandoning module SteamVREditor (840)
[2021.12.04-17.28.56:407][176]LogModuleManager: Shutting down and abandoning module OculusMR (838)
[2021.12.04-17.28.56:407][176]LogModuleManager: Shutting down and abandoning module MagicLeapMediaCodecFactory (836)
[2021.12.04-17.28.56:407][176]LogModuleManager: Shutting down and abandoning module MagicLeapMediaFactory (834)
[2021.12.04-17.28.56:408][176]LogModuleManager: Shutting down and abandoning module MagicLeapMediaEditor (832)
[2021.12.04-17.28.56:408][176]LogModuleManager: Shutting down and abandoning module CameraShakePreviewer (830)
[2021.12.04-17.28.56:408][176]LogModuleManager: Shutting down and abandoning module TakeRecorderSources (828)
[2021.12.04-17.28.56:408][176]LogModuleManager: Shutting down and abandoning module TakeRecorder (827)
[2021.12.04-17.28.56:408][176]LogModuleManager: Shutting down and abandoning module TakeTrackRecorders (824)
[2021.12.04-17.28.56:408][176]LogModuleManager: Shutting down and abandoning module TakesCore (822)
[2021.12.04-17.28.56:408][176]LogModuleManager: Shutting down and abandoning module OpenXRInput (820)
[2021.12.04-17.28.56:408][176]LogModuleManager: Shutting down and abandoning module GooglePADEditor (818)
[2021.12.04-17.28.56:408][176]LogModuleManager: Shutting down and abandoning module AudioCaptureEditor (816)
[2021.12.04-17.28.56:408][176]LogModuleManager: Shutting down and abandoning module TemplateSequenceEditor (814)
[2021.12.04-17.28.56:408][176]LogModuleManager: Shutting down and abandoning module MatineeToLevelSequence (812)
[2021.12.04-17.28.56:408][176]LogModuleManager: Shutting down and abandoning module LevelSequenceEditor (810)
[2021.12.04-17.28.56:408][176]LogModuleManager: Shutting down and abandoning module ActorSequenceEditor (808)
[2021.12.04-17.28.56:408][176]LogModuleManager: Shutting down and abandoning module MediaPlayerEditor (806)
[2021.12.04-17.28.56:408][176]LogModuleManager: Shutting down and abandoning module WmfMediaFactory (804)
[2021.12.04-17.28.56:408][176]LogModuleManager: Shutting down and abandoning module WmfMediaEditor (802)
[2021.12.04-17.28.56:408][176]LogModuleManager: Shutting down and abandoning module WebMMediaFactory (800)
[2021.12.04-17.28.56:409][176]LogModuleManager: Shutting down and abandoning module WebMMediaEditor (798)
[2021.12.04-17.28.56:409][176]LogModuleManager: Shutting down and abandoning module WebMMedia (796)
[2021.12.04-17.28.56:409][176]LogModuleManager: Shutting down and abandoning module MediaCompositingEditor (794)
[2021.12.04-17.28.56:409][176]LogModuleManager: Shutting down and abandoning module SequenceRecorder (793)
[2021.12.04-17.28.56:409][176]LogModuleManager: Shutting down and abandoning module OpenExrWrapper (790)
[2021.12.04-17.28.56:409][176]LogModuleManager: Shutting down and abandoning module ImgMediaFactory (788)
[2021.12.04-17.28.56:409][176]LogModuleManager: Shutting down and abandoning module ImgMediaEditor (786)
[2021.12.04-17.28.56:409][176]LogModuleManager: Shutting down and abandoning module AvfMediaFactory (784)
[2021.12.04-17.28.56:409][176]LogModuleManager: Shutting down and abandoning module AvfMediaEditor (782)
[2021.12.04-17.28.56:409][176]LogModuleManager: Shutting down and abandoning module AndroidMediaFactory (780)
[2021.12.04-17.28.56:409][176]LogModuleManager: Shutting down and abandoning module AndroidMediaEditor (778)
[2021.12.04-17.28.56:409][176]LogModuleManager: Shutting down and abandoning module PlanarCut (776)
[2021.12.04-17.28.56:409][176]LogModuleManager: Shutting down and abandoning module CharacterAI (774)
[2021.12.04-17.28.56:409][176]LogModuleManager: Shutting down and abandoning module TextureAlignMode (772)
[2021.12.04-17.28.56:409][176]LogModuleManager: Shutting down and abandoning module BspMode (770)
[2021.12.04-17.28.56:409][176]LogModuleManager: Shutting down and abandoning module GeometryMode (768)
[2021.12.04-17.28.56:409][176]LogModuleManager: Shutting down and abandoning module SmartSnapping (766)
[2021.12.04-17.28.56:409][176]LogModuleManager: Shutting down and abandoning module SessionServices (764)
[2021.12.04-17.28.56:409][176]LogModuleManager: Shutting down and abandoning module MeshPaint (762)
[2021.12.04-17.28.56:409][176]LogModuleManager: Shutting down and abandoning module VirtualTexturingEditor (760)
[2021.12.04-17.28.56:409][176]LogModuleManager: Shutting down and abandoning module FoliageEdit (758)
[2021.12.04-17.28.56:410][176]LogModuleManager: Shutting down and abandoning module LandscapeEditor (756)
[2021.12.04-17.28.56:410][176]LogModuleManager: Shutting down and abandoning module MeshPaintMode (754)
[2021.12.04-17.28.56:410][176]LogModuleManager: Shutting down and abandoning module SceneDepthPickerMode (752)
[2021.12.04-17.28.56:410][176]LogModuleManager: Shutting down and abandoning module ActorPickerMode (750)
[2021.12.04-17.28.56:410][176]LogModuleManager: Shutting down and abandoning module PlacementMode (748)
[2021.12.04-17.28.56:410][176]LogModuleManager: Shutting down and abandoning module ViewportSnapping (746)
[2021.12.04-17.28.56:410][176]LogModuleManager: Shutting down and abandoning module ViewportInteraction (744)
[2021.12.04-17.28.56:410][176]LogModuleManager: Shutting down and abandoning module ClothPainter (742)
[2021.12.04-17.28.56:410][176]LogModuleManager: Shutting down and abandoning module SkeletalMeshEditor (741)
[2021.12.04-17.28.56:410][176]LogModuleManager: Shutting down and abandoning module LogVisualizer (738)
[2021.12.04-17.28.56:410][176]LogModuleManager: Shutting down and abandoning module IntroTutorials (736)
[2021.12.04-17.28.56:410][176]LogModuleManager: Shutting down and abandoning module GameProjectGeneration (735)
[2021.12.04-17.28.56:410][176]LogModuleManager: Shutting down and abandoning module LuminPlatformEditor (732)
[2021.12.04-17.28.56:410][176]LogModuleManager: Shutting down and abandoning module IOSPlatformEditor (730)
[2021.12.04-17.28.56:410][176]LogModuleManager: Shutting down and abandoning module AndroidPlatformEditor (728)
[2021.12.04-17.28.56:410][176]LogModuleManager: Shutting down and abandoning module AndroidDeviceDetection (727)
